
*** Running vivado
    with args -log top.vdi -applog -m64 -product Vivado -messageDb vivado.pb -mode batch -source top.tcl -notrace


****** Vivado v2018.3 (64-bit)
  **** SW Build 2405991 on Thu Dec  6 23:36:41 MST 2018
  **** IP Build 2404404 on Fri Dec  7 01:43:56 MST 2018
    ** Copyright 1986-2018 Xilinx, Inc. All Rights Reserved.

source top.tcl -notrace
Command: link_design -top top -part xc7a50tfgg484-1
Design is defaulting to srcset: sources_1
Design is defaulting to constrset: constrs_1
INFO: [Project 1-479] Netlist was created with Vivado 2018.3
INFO: [Device 21-403] Loading part xc7a50tfgg484-1
INFO: [Project 1-570] Preparing netlist for logic optimization
Parsing XDC File [/home/czaras/Projekty/studia/IUP/parity_generator/parity_generator.srcs/constrs_1/new/mimas.xdc]
WARNING: [Vivado 12-584] No ports matched 'CLK1'. [/home/czaras/Projekty/studia/IUP/parity_generator/parity_generator.srcs/constrs_1/new/mimas.xdc:7]
CRITICAL WARNING: [Common 17-55] 'set_property' expects at least one object. [/home/czaras/Projekty/studia/IUP/parity_generator/parity_generator.srcs/constrs_1/new/mimas.xdc:7]
Resolution: If [get_<value>] was used to populate the object, check to make sure this command returns at least one valid object.
WARNING: [Vivado 12-584] No ports matched 'RESET'. [/home/czaras/Projekty/studia/IUP/parity_generator/parity_generator.srcs/constrs_1/new/mimas.xdc:12]
CRITICAL WARNING: [Common 17-55] 'set_property' expects at least one object. [/home/czaras/Projekty/studia/IUP/parity_generator/parity_generator.srcs/constrs_1/new/mimas.xdc:12]
Resolution: If [get_<value>] was used to populate the object, check to make sure this command returns at least one valid object.
WARNING: [Vivado 12-584] No ports matched 'DATA[0]'. [/home/czaras/Projekty/studia/IUP/parity_generator/parity_generator.srcs/constrs_1/new/mimas.xdc:17]
CRITICAL WARNING: [Common 17-55] 'set_property' expects at least one object. [/home/czaras/Projekty/studia/IUP/parity_generator/parity_generator.srcs/constrs_1/new/mimas.xdc:17]
Resolution: If [get_<value>] was used to populate the object, check to make sure this command returns at least one valid object.
WARNING: [Vivado 12-584] No ports matched 'DATA[1]'. [/home/czaras/Projekty/studia/IUP/parity_generator/parity_generator.srcs/constrs_1/new/mimas.xdc:18]
CRITICAL WARNING: [Common 17-55] 'set_property' expects at least one object. [/home/czaras/Projekty/studia/IUP/parity_generator/parity_generator.srcs/constrs_1/new/mimas.xdc:18]
Resolution: If [get_<value>] was used to populate the object, check to make sure this command returns at least one valid object.
WARNING: [Vivado 12-584] No ports matched 'DATA[2]'. [/home/czaras/Projekty/studia/IUP/parity_generator/parity_generator.srcs/constrs_1/new/mimas.xdc:19]
CRITICAL WARNING: [Common 17-55] 'set_property' expects at least one object. [/home/czaras/Projekty/studia/IUP/parity_generator/parity_generator.srcs/constrs_1/new/mimas.xdc:19]
Resolution: If [get_<value>] was used to populate the object, check to make sure this command returns at least one valid object.
WARNING: [Vivado 12-584] No ports matched 'DATA[3]'. [/home/czaras/Projekty/studia/IUP/parity_generator/parity_generator.srcs/constrs_1/new/mimas.xdc:20]
CRITICAL WARNING: [Common 17-55] 'set_property' expects at least one object. [/home/czaras/Projekty/studia/IUP/parity_generator/parity_generator.srcs/constrs_1/new/mimas.xdc:20]
Resolution: If [get_<value>] was used to populate the object, check to make sure this command returns at least one valid object.
WARNING: [Vivado 12-584] No ports matched 'DATA[4]'. [/home/czaras/Projekty/studia/IUP/parity_generator/parity_generator.srcs/constrs_1/new/mimas.xdc:21]
CRITICAL WARNING: [Common 17-55] 'set_property' expects at least one object. [/home/czaras/Projekty/studia/IUP/parity_generator/parity_generator.srcs/constrs_1/new/mimas.xdc:21]
Resolution: If [get_<value>] was used to populate the object, check to make sure this command returns at least one valid object.
WARNING: [Vivado 12-584] No ports matched 'DATA[5]'. [/home/czaras/Projekty/studia/IUP/parity_generator/parity_generator.srcs/constrs_1/new/mimas.xdc:22]
CRITICAL WARNING: [Common 17-55] 'set_property' expects at least one object. [/home/czaras/Projekty/studia/IUP/parity_generator/parity_generator.srcs/constrs_1/new/mimas.xdc:22]
Resolution: If [get_<value>] was used to populate the object, check to make sure this command returns at least one valid object.
WARNING: [Vivado 12-584] No ports matched 'DATA[6]'. [/home/czaras/Projekty/studia/IUP/parity_generator/parity_generator.srcs/constrs_1/new/mimas.xdc:23]
CRITICAL WARNING: [Common 17-55] 'set_property' expects at least one object. [/home/czaras/Projekty/studia/IUP/parity_generator/parity_generator.srcs/constrs_1/new/mimas.xdc:23]
Resolution: If [get_<value>] was used to populate the object, check to make sure this command returns at least one valid object.
WARNING: [Vivado 12-584] No ports matched 'DATA[7]'. [/home/czaras/Projekty/studia/IUP/parity_generator/parity_generator.srcs/constrs_1/new/mimas.xdc:24]
CRITICAL WARNING: [Common 17-55] 'set_property' expects at least one object. [/home/czaras/Projekty/studia/IUP/parity_generator/parity_generator.srcs/constrs_1/new/mimas.xdc:24]
Resolution: If [get_<value>] was used to populate the object, check to make sure this command returns at least one valid object.
WARNING: [Vivado 12-584] No ports matched 'TXE_N'. [/home/czaras/Projekty/studia/IUP/parity_generator/parity_generator.srcs/constrs_1/new/mimas.xdc:26]
CRITICAL WARNING: [Common 17-55] 'set_property' expects at least one object. [/home/czaras/Projekty/studia/IUP/parity_generator/parity_generator.srcs/constrs_1/new/mimas.xdc:26]
Resolution: If [get_<value>] was used to populate the object, check to make sure this command returns at least one valid object.
WARNING: [Vivado 12-584] No ports matched 'RXF_N'. [/home/czaras/Projekty/studia/IUP/parity_generator/parity_generator.srcs/constrs_1/new/mimas.xdc:27]
CRITICAL WARNING: [Common 17-55] 'set_property' expects at least one object. [/home/czaras/Projekty/studia/IUP/parity_generator/parity_generator.srcs/constrs_1/new/mimas.xdc:27]
Resolution: If [get_<value>] was used to populate the object, check to make sure this command returns at least one valid object.
WARNING: [Vivado 12-584] No ports matched 'WR_N'. [/home/czaras/Projekty/studia/IUP/parity_generator/parity_generator.srcs/constrs_1/new/mimas.xdc:28]
CRITICAL WARNING: [Common 17-55] 'set_property' expects at least one object. [/home/czaras/Projekty/studia/IUP/parity_generator/parity_generator.srcs/constrs_1/new/mimas.xdc:28]
Resolution: If [get_<value>] was used to populate the object, check to make sure this command returns at least one valid object.
WARNING: [Vivado 12-584] No ports matched 'RD_N'. [/home/czaras/Projekty/studia/IUP/parity_generator/parity_generator.srcs/constrs_1/new/mimas.xdc:29]
CRITICAL WARNING: [Common 17-55] 'set_property' expects at least one object. [/home/czaras/Projekty/studia/IUP/parity_generator/parity_generator.srcs/constrs_1/new/mimas.xdc:29]
Resolution: If [get_<value>] was used to populate the object, check to make sure this command returns at least one valid object.
WARNING: [Vivado 12-584] No ports matched 'CLKOUT'. [/home/czaras/Projekty/studia/IUP/parity_generator/parity_generator.srcs/constrs_1/new/mimas.xdc:30]
CRITICAL WARNING: [Common 17-55] 'set_property' expects at least one object. [/home/czaras/Projekty/studia/IUP/parity_generator/parity_generator.srcs/constrs_1/new/mimas.xdc:30]
Resolution: If [get_<value>] was used to populate the object, check to make sure this command returns at least one valid object.
WARNING: [Vivado 12-584] No ports matched 'OE_N'. [/home/czaras/Projekty/studia/IUP/parity_generator/parity_generator.srcs/constrs_1/new/mimas.xdc:31]
CRITICAL WARNING: [Common 17-55] 'set_property' expects at least one object. [/home/czaras/Projekty/studia/IUP/parity_generator/parity_generator.srcs/constrs_1/new/mimas.xdc:31]
Resolution: If [get_<value>] was used to populate the object, check to make sure this command returns at least one valid object.
WARNING: [Vivado 12-584] No ports matched 'SIWUA'. [/home/czaras/Projekty/studia/IUP/parity_generator/parity_generator.srcs/constrs_1/new/mimas.xdc:32]
CRITICAL WARNING: [Common 17-55] 'set_property' expects at least one object. [/home/czaras/Projekty/studia/IUP/parity_generator/parity_generator.srcs/constrs_1/new/mimas.xdc:32]
Resolution: If [get_<value>] was used to populate the object, check to make sure this command returns at least one valid object.
WARNING: [Vivado 12-584] No ports matched 'ddr3_dq[0]'. [/home/czaras/Projekty/studia/IUP/parity_generator/parity_generator.srcs/constrs_1/new/mimas.xdc:39]
CRITICAL WARNING: [Common 17-55] 'set_property' expects at least one object. [/home/czaras/Projekty/studia/IUP/parity_generator/parity_generator.srcs/constrs_1/new/mimas.xdc:39]
Resolution: If [get_<value>] was used to populate the object, check to make sure this command returns at least one valid object.
WARNING: [Vivado 12-584] No ports matched 'ddr3_dq[1]'. [/home/czaras/Projekty/studia/IUP/parity_generator/parity_generator.srcs/constrs_1/new/mimas.xdc:40]
CRITICAL WARNING: [Common 17-55] 'set_property' expects at least one object. [/home/czaras/Projekty/studia/IUP/parity_generator/parity_generator.srcs/constrs_1/new/mimas.xdc:40]
Resolution: If [get_<value>] was used to populate the object, check to make sure this command returns at least one valid object.
WARNING: [Vivado 12-584] No ports matched 'ddr3_dq[2]'. [/home/czaras/Projekty/studia/IUP/parity_generator/parity_generator.srcs/constrs_1/new/mimas.xdc:41]
CRITICAL WARNING: [Common 17-55] 'set_property' expects at least one object. [/home/czaras/Projekty/studia/IUP/parity_generator/parity_generator.srcs/constrs_1/new/mimas.xdc:41]
Resolution: If [get_<value>] was used to populate the object, check to make sure this command returns at least one valid object.
WARNING: [Vivado 12-584] No ports matched 'ddr3_dq[3]'. [/home/czaras/Projekty/studia/IUP/parity_generator/parity_generator.srcs/constrs_1/new/mimas.xdc:42]
CRITICAL WARNING: [Common 17-55] 'set_property' expects at least one object. [/home/czaras/Projekty/studia/IUP/parity_generator/parity_generator.srcs/constrs_1/new/mimas.xdc:42]
Resolution: If [get_<value>] was used to populate the object, check to make sure this command returns at least one valid object.
WARNING: [Vivado 12-584] No ports matched 'ddr3_dq[4]'. [/home/czaras/Projekty/studia/IUP/parity_generator/parity_generator.srcs/constrs_1/new/mimas.xdc:43]
CRITICAL WARNING: [Common 17-55] 'set_property' expects at least one object. [/home/czaras/Projekty/studia/IUP/parity_generator/parity_generator.srcs/constrs_1/new/mimas.xdc:43]
Resolution: If [get_<value>] was used to populate the object, check to make sure this command returns at least one valid object.
WARNING: [Vivado 12-584] No ports matched 'ddr3_dq[5]'. [/home/czaras/Projekty/studia/IUP/parity_generator/parity_generator.srcs/constrs_1/new/mimas.xdc:44]
CRITICAL WARNING: [Common 17-55] 'set_property' expects at least one object. [/home/czaras/Projekty/studia/IUP/parity_generator/parity_generator.srcs/constrs_1/new/mimas.xdc:44]
Resolution: If [get_<value>] was used to populate the object, check to make sure this command returns at least one valid object.
WARNING: [Vivado 12-584] No ports matched 'ddr3_dq[6]'. [/home/czaras/Projekty/studia/IUP/parity_generator/parity_generator.srcs/constrs_1/new/mimas.xdc:45]
CRITICAL WARNING: [Common 17-55] 'set_property' expects at least one object. [/home/czaras/Projekty/studia/IUP/parity_generator/parity_generator.srcs/constrs_1/new/mimas.xdc:45]
Resolution: If [get_<value>] was used to populate the object, check to make sure this command returns at least one valid object.
WARNING: [Vivado 12-584] No ports matched 'ddr3_dq[7]'. [/home/czaras/Projekty/studia/IUP/parity_generator/parity_generator.srcs/constrs_1/new/mimas.xdc:46]
CRITICAL WARNING: [Common 17-55] 'set_property' expects at least one object. [/home/czaras/Projekty/studia/IUP/parity_generator/parity_generator.srcs/constrs_1/new/mimas.xdc:46]
Resolution: If [get_<value>] was used to populate the object, check to make sure this command returns at least one valid object.
WARNING: [Vivado 12-584] No ports matched 'ddr3_dq[8]'. [/home/czaras/Projekty/studia/IUP/parity_generator/parity_generator.srcs/constrs_1/new/mimas.xdc:47]
CRITICAL WARNING: [Common 17-55] 'set_property' expects at least one object. [/home/czaras/Projekty/studia/IUP/parity_generator/parity_generator.srcs/constrs_1/new/mimas.xdc:47]
Resolution: If [get_<value>] was used to populate the object, check to make sure this command returns at least one valid object.
WARNING: [Vivado 12-584] No ports matched 'ddr3_dq[9]'. [/home/czaras/Projekty/studia/IUP/parity_generator/parity_generator.srcs/constrs_1/new/mimas.xdc:48]
CRITICAL WARNING: [Common 17-55] 'set_property' expects at least one object. [/home/czaras/Projekty/studia/IUP/parity_generator/parity_generator.srcs/constrs_1/new/mimas.xdc:48]
Resolution: If [get_<value>] was used to populate the object, check to make sure this command returns at least one valid object.
WARNING: [Vivado 12-584] No ports matched 'ddr3_dq[10]'. [/home/czaras/Projekty/studia/IUP/parity_generator/parity_generator.srcs/constrs_1/new/mimas.xdc:49]
CRITICAL WARNING: [Common 17-55] 'set_property' expects at least one object. [/home/czaras/Projekty/studia/IUP/parity_generator/parity_generator.srcs/constrs_1/new/mimas.xdc:49]
Resolution: If [get_<value>] was used to populate the object, check to make sure this command returns at least one valid object.
WARNING: [Vivado 12-584] No ports matched 'ddr3_dq[11]'. [/home/czaras/Projekty/studia/IUP/parity_generator/parity_generator.srcs/constrs_1/new/mimas.xdc:50]
CRITICAL WARNING: [Common 17-55] 'set_property' expects at least one object. [/home/czaras/Projekty/studia/IUP/parity_generator/parity_generator.srcs/constrs_1/new/mimas.xdc:50]
Resolution: If [get_<value>] was used to populate the object, check to make sure this command returns at least one valid object.
WARNING: [Vivado 12-584] No ports matched 'ddr3_dq[12]'. [/home/czaras/Projekty/studia/IUP/parity_generator/parity_generator.srcs/constrs_1/new/mimas.xdc:51]
CRITICAL WARNING: [Common 17-55] 'set_property' expects at least one object. [/home/czaras/Projekty/studia/IUP/parity_generator/parity_generator.srcs/constrs_1/new/mimas.xdc:51]
Resolution: If [get_<value>] was used to populate the object, check to make sure this command returns at least one valid object.
WARNING: [Vivado 12-584] No ports matched 'ddr3_dq[13]'. [/home/czaras/Projekty/studia/IUP/parity_generator/parity_generator.srcs/constrs_1/new/mimas.xdc:52]
CRITICAL WARNING: [Common 17-55] 'set_property' expects at least one object. [/home/czaras/Projekty/studia/IUP/parity_generator/parity_generator.srcs/constrs_1/new/mimas.xdc:52]
Resolution: If [get_<value>] was used to populate the object, check to make sure this command returns at least one valid object.
WARNING: [Vivado 12-584] No ports matched 'ddr3_dq[14]'. [/home/czaras/Projekty/studia/IUP/parity_generator/parity_generator.srcs/constrs_1/new/mimas.xdc:53]
CRITICAL WARNING: [Common 17-55] 'set_property' expects at least one object. [/home/czaras/Projekty/studia/IUP/parity_generator/parity_generator.srcs/constrs_1/new/mimas.xdc:53]
Resolution: If [get_<value>] was used to populate the object, check to make sure this command returns at least one valid object.
WARNING: [Vivado 12-584] No ports matched 'ddr3_dq[15]'. [/home/czaras/Projekty/studia/IUP/parity_generator/parity_generator.srcs/constrs_1/new/mimas.xdc:54]
CRITICAL WARNING: [Common 17-55] 'set_property' expects at least one object. [/home/czaras/Projekty/studia/IUP/parity_generator/parity_generator.srcs/constrs_1/new/mimas.xdc:54]
Resolution: If [get_<value>] was used to populate the object, check to make sure this command returns at least one valid object.
WARNING: [Vivado 12-584] No ports matched 'ddr3_addr[0]'. [/home/czaras/Projekty/studia/IUP/parity_generator/parity_generator.srcs/constrs_1/new/mimas.xdc:55]
CRITICAL WARNING: [Common 17-55] 'set_property' expects at least one object. [/home/czaras/Projekty/studia/IUP/parity_generator/parity_generator.srcs/constrs_1/new/mimas.xdc:55]
Resolution: If [get_<value>] was used to populate the object, check to make sure this command returns at least one valid object.
WARNING: [Vivado 12-584] No ports matched 'ddr3_addr[1]'. [/home/czaras/Projekty/studia/IUP/parity_generator/parity_generator.srcs/constrs_1/new/mimas.xdc:56]
CRITICAL WARNING: [Common 17-55] 'set_property' expects at least one object. [/home/czaras/Projekty/studia/IUP/parity_generator/parity_generator.srcs/constrs_1/new/mimas.xdc:56]
Resolution: If [get_<value>] was used to populate the object, check to make sure this command returns at least one valid object.
WARNING: [Vivado 12-584] No ports matched 'ddr3_addr[2]'. [/home/czaras/Projekty/studia/IUP/parity_generator/parity_generator.srcs/constrs_1/new/mimas.xdc:57]
CRITICAL WARNING: [Common 17-55] 'set_property' expects at least one object. [/home/czaras/Projekty/studia/IUP/parity_generator/parity_generator.srcs/constrs_1/new/mimas.xdc:57]
Resolution: If [get_<value>] was used to populate the object, check to make sure this command returns at least one valid object.
WARNING: [Vivado 12-584] No ports matched 'ddr3_addr[3]'. [/home/czaras/Projekty/studia/IUP/parity_generator/parity_generator.srcs/constrs_1/new/mimas.xdc:58]
CRITICAL WARNING: [Common 17-55] 'set_property' expects at least one object. [/home/czaras/Projekty/studia/IUP/parity_generator/parity_generator.srcs/constrs_1/new/mimas.xdc:58]
Resolution: If [get_<value>] was used to populate the object, check to make sure this command returns at least one valid object.
WARNING: [Vivado 12-584] No ports matched 'ddr3_addr[4]'. [/home/czaras/Projekty/studia/IUP/parity_generator/parity_generator.srcs/constrs_1/new/mimas.xdc:59]
CRITICAL WARNING: [Common 17-55] 'set_property' expects at least one object. [/home/czaras/Projekty/studia/IUP/parity_generator/parity_generator.srcs/constrs_1/new/mimas.xdc:59]
Resolution: If [get_<value>] was used to populate the object, check to make sure this command returns at least one valid object.
WARNING: [Vivado 12-584] No ports matched 'ddr3_addr[5]'. [/home/czaras/Projekty/studia/IUP/parity_generator/parity_generator.srcs/constrs_1/new/mimas.xdc:60]
CRITICAL WARNING: [Common 17-55] 'set_property' expects at least one object. [/home/czaras/Projekty/studia/IUP/parity_generator/parity_generator.srcs/constrs_1/new/mimas.xdc:60]
Resolution: If [get_<value>] was used to populate the object, check to make sure this command returns at least one valid object.
WARNING: [Vivado 12-584] No ports matched 'ddr3_addr[6]'. [/home/czaras/Projekty/studia/IUP/parity_generator/parity_generator.srcs/constrs_1/new/mimas.xdc:61]
CRITICAL WARNING: [Common 17-55] 'set_property' expects at least one object. [/home/czaras/Projekty/studia/IUP/parity_generator/parity_generator.srcs/constrs_1/new/mimas.xdc:61]
Resolution: If [get_<value>] was used to populate the object, check to make sure this command returns at least one valid object.
WARNING: [Vivado 12-584] No ports matched 'ddr3_addr[7]'. [/home/czaras/Projekty/studia/IUP/parity_generator/parity_generator.srcs/constrs_1/new/mimas.xdc:62]
CRITICAL WARNING: [Common 17-55] 'set_property' expects at least one object. [/home/czaras/Projekty/studia/IUP/parity_generator/parity_generator.srcs/constrs_1/new/mimas.xdc:62]
Resolution: If [get_<value>] was used to populate the object, check to make sure this command returns at least one valid object.
WARNING: [Vivado 12-584] No ports matched 'ddr3_addr[8]'. [/home/czaras/Projekty/studia/IUP/parity_generator/parity_generator.srcs/constrs_1/new/mimas.xdc:63]
CRITICAL WARNING: [Common 17-55] 'set_property' expects at least one object. [/home/czaras/Projekty/studia/IUP/parity_generator/parity_generator.srcs/constrs_1/new/mimas.xdc:63]
Resolution: If [get_<value>] was used to populate the object, check to make sure this command returns at least one valid object.
WARNING: [Vivado 12-584] No ports matched 'ddr3_addr[9]'. [/home/czaras/Projekty/studia/IUP/parity_generator/parity_generator.srcs/constrs_1/new/mimas.xdc:64]
CRITICAL WARNING: [Common 17-55] 'set_property' expects at least one object. [/home/czaras/Projekty/studia/IUP/parity_generator/parity_generator.srcs/constrs_1/new/mimas.xdc:64]
Resolution: If [get_<value>] was used to populate the object, check to make sure this command returns at least one valid object.
WARNING: [Vivado 12-584] No ports matched 'ddr3_addr[10]'. [/home/czaras/Projekty/studia/IUP/parity_generator/parity_generator.srcs/constrs_1/new/mimas.xdc:65]
CRITICAL WARNING: [Common 17-55] 'set_property' expects at least one object. [/home/czaras/Projekty/studia/IUP/parity_generator/parity_generator.srcs/constrs_1/new/mimas.xdc:65]
Resolution: If [get_<value>] was used to populate the object, check to make sure this command returns at least one valid object.
WARNING: [Vivado 12-584] No ports matched 'ddr3_addr[11]'. [/home/czaras/Projekty/studia/IUP/parity_generator/parity_generator.srcs/constrs_1/new/mimas.xdc:66]
CRITICAL WARNING: [Common 17-55] 'set_property' expects at least one object. [/home/czaras/Projekty/studia/IUP/parity_generator/parity_generator.srcs/constrs_1/new/mimas.xdc:66]
Resolution: If [get_<value>] was used to populate the object, check to make sure this command returns at least one valid object.
WARNING: [Vivado 12-584] No ports matched 'ddr3_addr[12]'. [/home/czaras/Projekty/studia/IUP/parity_generator/parity_generator.srcs/constrs_1/new/mimas.xdc:67]
CRITICAL WARNING: [Common 17-55] 'set_property' expects at least one object. [/home/czaras/Projekty/studia/IUP/parity_generator/parity_generator.srcs/constrs_1/new/mimas.xdc:67]
Resolution: If [get_<value>] was used to populate the object, check to make sure this command returns at least one valid object.
WARNING: [Vivado 12-584] No ports matched 'ddr3_addr[13]'. [/home/czaras/Projekty/studia/IUP/parity_generator/parity_generator.srcs/constrs_1/new/mimas.xdc:68]
CRITICAL WARNING: [Common 17-55] 'set_property' expects at least one object. [/home/czaras/Projekty/studia/IUP/parity_generator/parity_generator.srcs/constrs_1/new/mimas.xdc:68]
Resolution: If [get_<value>] was used to populate the object, check to make sure this command returns at least one valid object.
WARNING: [Vivado 12-584] No ports matched 'ddr3_ba[0]'. [/home/czaras/Projekty/studia/IUP/parity_generator/parity_generator.srcs/constrs_1/new/mimas.xdc:69]
CRITICAL WARNING: [Common 17-55] 'set_property' expects at least one object. [/home/czaras/Projekty/studia/IUP/parity_generator/parity_generator.srcs/constrs_1/new/mimas.xdc:69]
Resolution: If [get_<value>] was used to populate the object, check to make sure this command returns at least one valid object.
WARNING: [Vivado 12-584] No ports matched 'ddr3_ba[1]'. [/home/czaras/Projekty/studia/IUP/parity_generator/parity_generator.srcs/constrs_1/new/mimas.xdc:70]
CRITICAL WARNING: [Common 17-55] 'set_property' expects at least one object. [/home/czaras/Projekty/studia/IUP/parity_generator/parity_generator.srcs/constrs_1/new/mimas.xdc:70]
Resolution: If [get_<value>] was used to populate the object, check to make sure this command returns at least one valid object.
WARNING: [Vivado 12-584] No ports matched 'ddr3_ba[2]'. [/home/czaras/Projekty/studia/IUP/parity_generator/parity_generator.srcs/constrs_1/new/mimas.xdc:71]
CRITICAL WARNING: [Common 17-55] 'set_property' expects at least one object. [/home/czaras/Projekty/studia/IUP/parity_generator/parity_generator.srcs/constrs_1/new/mimas.xdc:71]
Resolution: If [get_<value>] was used to populate the object, check to make sure this command returns at least one valid object.
WARNING: [Vivado 12-584] No ports matched 'ddr3_ras_n'. [/home/czaras/Projekty/studia/IUP/parity_generator/parity_generator.srcs/constrs_1/new/mimas.xdc:72]
CRITICAL WARNING: [Common 17-55] 'set_property' expects at least one object. [/home/czaras/Projekty/studia/IUP/parity_generator/parity_generator.srcs/constrs_1/new/mimas.xdc:72]
Resolution: If [get_<value>] was used to populate the object, check to make sure this command returns at least one valid object.
WARNING: [Vivado 12-584] No ports matched 'ddr3_cas_n'. [/home/czaras/Projekty/studia/IUP/parity_generator/parity_generator.srcs/constrs_1/new/mimas.xdc:73]
CRITICAL WARNING: [Common 17-55] 'set_property' expects at least one object. [/home/czaras/Projekty/studia/IUP/parity_generator/parity_generator.srcs/constrs_1/new/mimas.xdc:73]
Resolution: If [get_<value>] was used to populate the object, check to make sure this command returns at least one valid object.
WARNING: [Vivado 12-584] No ports matched 'ddr3_we_n'. [/home/czaras/Projekty/studia/IUP/parity_generator/parity_generator.srcs/constrs_1/new/mimas.xdc:74]
CRITICAL WARNING: [Common 17-55] 'set_property' expects at least one object. [/home/czaras/Projekty/studia/IUP/parity_generator/parity_generator.srcs/constrs_1/new/mimas.xdc:74]
Resolution: If [get_<value>] was used to populate the object, check to make sure this command returns at least one valid object.
WARNING: [Vivado 12-584] No ports matched 'ddr3_reset_n'. [/home/czaras/Projekty/studia/IUP/parity_generator/parity_generator.srcs/constrs_1/new/mimas.xdc:75]
CRITICAL WARNING: [Common 17-55] 'set_property' expects at least one object. [/home/czaras/Projekty/studia/IUP/parity_generator/parity_generator.srcs/constrs_1/new/mimas.xdc:75]
Resolution: If [get_<value>] was used to populate the object, check to make sure this command returns at least one valid object.
WARNING: [Vivado 12-584] No ports matched 'ddr3_cke'. [/home/czaras/Projekty/studia/IUP/parity_generator/parity_generator.srcs/constrs_1/new/mimas.xdc:76]
CRITICAL WARNING: [Common 17-55] 'set_property' expects at least one object. [/home/czaras/Projekty/studia/IUP/parity_generator/parity_generator.srcs/constrs_1/new/mimas.xdc:76]
Resolution: If [get_<value>] was used to populate the object, check to make sure this command returns at least one valid object.
WARNING: [Vivado 12-584] No ports matched 'ddr3_odt'. [/home/czaras/Projekty/studia/IUP/parity_generator/parity_generator.srcs/constrs_1/new/mimas.xdc:77]
CRITICAL WARNING: [Common 17-55] 'set_property' expects at least one object. [/home/czaras/Projekty/studia/IUP/parity_generator/parity_generator.srcs/constrs_1/new/mimas.xdc:77]
Resolution: If [get_<value>] was used to populate the object, check to make sure this command returns at least one valid object.
WARNING: [Vivado 12-584] No ports matched 'ddr3_cs_n'. [/home/czaras/Projekty/studia/IUP/parity_generator/parity_generator.srcs/constrs_1/new/mimas.xdc:78]
CRITICAL WARNING: [Common 17-55] 'set_property' expects at least one object. [/home/czaras/Projekty/studia/IUP/parity_generator/parity_generator.srcs/constrs_1/new/mimas.xdc:78]
Resolution: If [get_<value>] was used to populate the object, check to make sure this command returns at least one valid object.
WARNING: [Vivado 12-584] No ports matched 'ddr3_dm[0]'. [/home/czaras/Projekty/studia/IUP/parity_generator/parity_generator.srcs/constrs_1/new/mimas.xdc:79]
CRITICAL WARNING: [Common 17-55] 'set_property' expects at least one object. [/home/czaras/Projekty/studia/IUP/parity_generator/parity_generator.srcs/constrs_1/new/mimas.xdc:79]
Resolution: If [get_<value>] was used to populate the object, check to make sure this command returns at least one valid object.
WARNING: [Vivado 12-584] No ports matched 'ddr3_dm[1]'. [/home/czaras/Projekty/studia/IUP/parity_generator/parity_generator.srcs/constrs_1/new/mimas.xdc:80]
CRITICAL WARNING: [Common 17-55] 'set_property' expects at least one object. [/home/czaras/Projekty/studia/IUP/parity_generator/parity_generator.srcs/constrs_1/new/mimas.xdc:80]
Resolution: If [get_<value>] was used to populate the object, check to make sure this command returns at least one valid object.
WARNING: [Vivado 12-584] No ports matched 'ddr3_dqs_p[0]'. [/home/czaras/Projekty/studia/IUP/parity_generator/parity_generator.srcs/constrs_1/new/mimas.xdc:81]
CRITICAL WARNING: [Common 17-55] 'set_property' expects at least one object. [/home/czaras/Projekty/studia/IUP/parity_generator/parity_generator.srcs/constrs_1/new/mimas.xdc:81]
Resolution: If [get_<value>] was used to populate the object, check to make sure this command returns at least one valid object.
WARNING: [Vivado 12-584] No ports matched 'ddr3_dqs_n[0]'. [/home/czaras/Projekty/studia/IUP/parity_generator/parity_generator.srcs/constrs_1/new/mimas.xdc:82]
CRITICAL WARNING: [Common 17-55] 'set_property' expects at least one object. [/home/czaras/Projekty/studia/IUP/parity_generator/parity_generator.srcs/constrs_1/new/mimas.xdc:82]
Resolution: If [get_<value>] was used to populate the object, check to make sure this command returns at least one valid object.
WARNING: [Vivado 12-584] No ports matched 'ddr3_dqs_p[1]'. [/home/czaras/Projekty/studia/IUP/parity_generator/parity_generator.srcs/constrs_1/new/mimas.xdc:83]
CRITICAL WARNING: [Common 17-55] 'set_property' expects at least one object. [/home/czaras/Projekty/studia/IUP/parity_generator/parity_generator.srcs/constrs_1/new/mimas.xdc:83]
Resolution: If [get_<value>] was used to populate the object, check to make sure this command returns at least one valid object.
WARNING: [Vivado 12-584] No ports matched 'ddr3_dqs_n[1]'. [/home/czaras/Projekty/studia/IUP/parity_generator/parity_generator.srcs/constrs_1/new/mimas.xdc:84]
CRITICAL WARNING: [Common 17-55] 'set_property' expects at least one object. [/home/czaras/Projekty/studia/IUP/parity_generator/parity_generator.srcs/constrs_1/new/mimas.xdc:84]
Resolution: If [get_<value>] was used to populate the object, check to make sure this command returns at least one valid object.
WARNING: [Vivado 12-584] No ports matched 'ddr3_ck_p[0]'. [/home/czaras/Projekty/studia/IUP/parity_generator/parity_generator.srcs/constrs_1/new/mimas.xdc:85]
CRITICAL WARNING: [Common 17-55] 'set_property' expects at least one object. [/home/czaras/Projekty/studia/IUP/parity_generator/parity_generator.srcs/constrs_1/new/mimas.xdc:85]
Resolution: If [get_<value>] was used to populate the object, check to make sure this command returns at least one valid object.
WARNING: [Vivado 12-584] No ports matched 'ddr3_ck_n[0]'. [/home/czaras/Projekty/studia/IUP/parity_generator/parity_generator.srcs/constrs_1/new/mimas.xdc:86]
CRITICAL WARNING: [Common 17-55] 'set_property' expects at least one object. [/home/czaras/Projekty/studia/IUP/parity_generator/parity_generator.srcs/constrs_1/new/mimas.xdc:86]
Resolution: If [get_<value>] was used to populate the object, check to make sure this command returns at least one valid object.
WARNING: [Vivado 12-584] No ports matched 'SPI_CS_N'. [/home/czaras/Projekty/studia/IUP/parity_generator/parity_generator.srcs/constrs_1/new/mimas.xdc:91]
CRITICAL WARNING: [Common 17-55] 'set_property' expects at least one object. [/home/czaras/Projekty/studia/IUP/parity_generator/parity_generator.srcs/constrs_1/new/mimas.xdc:91]
Resolution: If [get_<value>] was used to populate the object, check to make sure this command returns at least one valid object.
WARNING: [Vivado 12-584] No ports matched 'SPI_DQ[0]'. [/home/czaras/Projekty/studia/IUP/parity_generator/parity_generator.srcs/constrs_1/new/mimas.xdc:92]
CRITICAL WARNING: [Common 17-55] 'set_property' expects at least one object. [/home/czaras/Projekty/studia/IUP/parity_generator/parity_generator.srcs/constrs_1/new/mimas.xdc:92]
Resolution: If [get_<value>] was used to populate the object, check to make sure this command returns at least one valid object.
WARNING: [Vivado 12-584] No ports matched 'SPI_DQ[1]'. [/home/czaras/Projekty/studia/IUP/parity_generator/parity_generator.srcs/constrs_1/new/mimas.xdc:93]
CRITICAL WARNING: [Common 17-55] 'set_property' expects at least one object. [/home/czaras/Projekty/studia/IUP/parity_generator/parity_generator.srcs/constrs_1/new/mimas.xdc:93]
Resolution: If [get_<value>] was used to populate the object, check to make sure this command returns at least one valid object.
WARNING: [Vivado 12-584] No ports matched 'SPI_DQ[2]'. [/home/czaras/Projekty/studia/IUP/parity_generator/parity_generator.srcs/constrs_1/new/mimas.xdc:94]
CRITICAL WARNING: [Common 17-55] 'set_property' expects at least one object. [/home/czaras/Projekty/studia/IUP/parity_generator/parity_generator.srcs/constrs_1/new/mimas.xdc:94]
Resolution: If [get_<value>] was used to populate the object, check to make sure this command returns at least one valid object.
WARNING: [Vivado 12-584] No ports matched 'SPI_DQ[3]'. [/home/czaras/Projekty/studia/IUP/parity_generator/parity_generator.srcs/constrs_1/new/mimas.xdc:95]
CRITICAL WARNING: [Common 17-55] 'set_property' expects at least one object. [/home/czaras/Projekty/studia/IUP/parity_generator/parity_generator.srcs/constrs_1/new/mimas.xdc:95]
Resolution: If [get_<value>] was used to populate the object, check to make sure this command returns at least one valid object.
WARNING: [Vivado 12-584] No ports matched 'SPI_SCK'. [/home/czaras/Projekty/studia/IUP/parity_generator/parity_generator.srcs/constrs_1/new/mimas.xdc:96]
CRITICAL WARNING: [Common 17-55] 'set_property' expects at least one object. [/home/czaras/Projekty/studia/IUP/parity_generator/parity_generator.srcs/constrs_1/new/mimas.xdc:96]
Resolution: If [get_<value>] was used to populate the object, check to make sure this command returns at least one valid object.
WARNING: [Vivado 12-584] No ports matched 'sd_clk'. [/home/czaras/Projekty/studia/IUP/parity_generator/parity_generator.srcs/constrs_1/new/mimas.xdc:101]
CRITICAL WARNING: [Common 17-55] 'set_property' expects at least one object. [/home/czaras/Projekty/studia/IUP/parity_generator/parity_generator.srcs/constrs_1/new/mimas.xdc:101]
Resolution: If [get_<value>] was used to populate the object, check to make sure this command returns at least one valid object.
WARNING: [Vivado 12-584] No ports matched 'sd_cs'. [/home/czaras/Projekty/studia/IUP/parity_generator/parity_generator.srcs/constrs_1/new/mimas.xdc:102]
CRITICAL WARNING: [Common 17-55] 'set_property' expects at least one object. [/home/czaras/Projekty/studia/IUP/parity_generator/parity_generator.srcs/constrs_1/new/mimas.xdc:102]
Resolution: If [get_<value>] was used to populate the object, check to make sure this command returns at least one valid object.
WARNING: [Vivado 12-584] No ports matched 'sd_miso'. [/home/czaras/Projekty/studia/IUP/parity_generator/parity_generator.srcs/constrs_1/new/mimas.xdc:103]
CRITICAL WARNING: [Common 17-55] 'set_property' expects at least one object. [/home/czaras/Projekty/studia/IUP/parity_generator/parity_generator.srcs/constrs_1/new/mimas.xdc:103]
Resolution: If [get_<value>] was used to populate the object, check to make sure this command returns at least one valid object.
WARNING: [Vivado 12-584] No ports matched 'sd_mosi'. [/home/czaras/Projekty/studia/IUP/parity_generator/parity_generator.srcs/constrs_1/new/mimas.xdc:104]
CRITICAL WARNING: [Common 17-55] 'set_property' expects at least one object. [/home/czaras/Projekty/studia/IUP/parity_generator/parity_generator.srcs/constrs_1/new/mimas.xdc:104]
Resolution: If [get_<value>] was used to populate the object, check to make sure this command returns at least one valid object.
WARNING: [Vivado 12-584] No ports matched 'sd_rsv'. [/home/czaras/Projekty/studia/IUP/parity_generator/parity_generator.srcs/constrs_1/new/mimas.xdc:105]
CRITICAL WARNING: [Common 17-55] 'set_property' expects at least one object. [/home/czaras/Projekty/studia/IUP/parity_generator/parity_generator.srcs/constrs_1/new/mimas.xdc:105]
Resolution: If [get_<value>] was used to populate the object, check to make sure this command returns at least one valid object.
WARNING: [Vivado 12-584] No ports matched 'sw_in[0]'. [/home/czaras/Projekty/studia/IUP/parity_generator/parity_generator.srcs/constrs_1/new/mimas.xdc:110]
CRITICAL WARNING: [Common 17-55] 'set_property' expects at least one object. [/home/czaras/Projekty/studia/IUP/parity_generator/parity_generator.srcs/constrs_1/new/mimas.xdc:110]
Resolution: If [get_<value>] was used to populate the object, check to make sure this command returns at least one valid object.
WARNING: [Vivado 12-584] No ports matched 'sw_in[1]'. [/home/czaras/Projekty/studia/IUP/parity_generator/parity_generator.srcs/constrs_1/new/mimas.xdc:111]
CRITICAL WARNING: [Common 17-55] 'set_property' expects at least one object. [/home/czaras/Projekty/studia/IUP/parity_generator/parity_generator.srcs/constrs_1/new/mimas.xdc:111]
Resolution: If [get_<value>] was used to populate the object, check to make sure this command returns at least one valid object.
WARNING: [Vivado 12-584] No ports matched 'sw_in[2]'. [/home/czaras/Projekty/studia/IUP/parity_generator/parity_generator.srcs/constrs_1/new/mimas.xdc:112]
CRITICAL WARNING: [Common 17-55] 'set_property' expects at least one object. [/home/czaras/Projekty/studia/IUP/parity_generator/parity_generator.srcs/constrs_1/new/mimas.xdc:112]
Resolution: If [get_<value>] was used to populate the object, check to make sure this command returns at least one valid object.
WARNING: [Vivado 12-584] No ports matched 'sw_in[3]'. [/home/czaras/Projekty/studia/IUP/parity_generator/parity_generator.srcs/constrs_1/new/mimas.xdc:113]
CRITICAL WARNING: [Common 17-55] 'set_property' expects at least one object. [/home/czaras/Projekty/studia/IUP/parity_generator/parity_generator.srcs/constrs_1/new/mimas.xdc:113]
Resolution: If [get_<value>] was used to populate the object, check to make sure this command returns at least one valid object.
WARNING: [Vivado 12-584] No ports matched 'LED[0]'. [/home/czaras/Projekty/studia/IUP/parity_generator/parity_generator.srcs/constrs_1/new/mimas.xdc:118]
CRITICAL WARNING: [Common 17-55] 'set_property' expects at least one object. [/home/czaras/Projekty/studia/IUP/parity_generator/parity_generator.srcs/constrs_1/new/mimas.xdc:118]
Resolution: If [get_<value>] was used to populate the object, check to make sure this command returns at least one valid object.
WARNING: [Vivado 12-584] No ports matched 'LED[1]'. [/home/czaras/Projekty/studia/IUP/parity_generator/parity_generator.srcs/constrs_1/new/mimas.xdc:119]
CRITICAL WARNING: [Common 17-55] 'set_property' expects at least one object. [/home/czaras/Projekty/studia/IUP/parity_generator/parity_generator.srcs/constrs_1/new/mimas.xdc:119]
Resolution: If [get_<value>] was used to populate the object, check to make sure this command returns at least one valid object.
WARNING: [Vivado 12-584] No ports matched 'LED[2]'. [/home/czaras/Projekty/studia/IUP/parity_generator/parity_generator.srcs/constrs_1/new/mimas.xdc:120]
CRITICAL WARNING: [Common 17-55] 'set_property' expects at least one object. [/home/czaras/Projekty/studia/IUP/parity_generator/parity_generator.srcs/constrs_1/new/mimas.xdc:120]
Resolution: If [get_<value>] was used to populate the object, check to make sure this command returns at least one valid object.
WARNING: [Vivado 12-584] No ports matched 'LED[3]'. [/home/czaras/Projekty/studia/IUP/parity_generator/parity_generator.srcs/constrs_1/new/mimas.xdc:121]
CRITICAL WARNING: [Common 17-55] 'set_property' expects at least one object. [/home/czaras/Projekty/studia/IUP/parity_generator/parity_generator.srcs/constrs_1/new/mimas.xdc:121]
Resolution: If [get_<value>] was used to populate the object, check to make sure this command returns at least one valid object.
WARNING: [Vivado 12-584] No ports matched 'LED[4]'. [/home/czaras/Projekty/studia/IUP/parity_generator/parity_generator.srcs/constrs_1/new/mimas.xdc:122]
CRITICAL WARNING: [Common 17-55] 'set_property' expects at least one object. [/home/czaras/Projekty/studia/IUP/parity_generator/parity_generator.srcs/constrs_1/new/mimas.xdc:122]
Resolution: If [get_<value>] was used to populate the object, check to make sure this command returns at least one valid object.
WARNING: [Vivado 12-584] No ports matched 'LED[5]'. [/home/czaras/Projekty/studia/IUP/parity_generator/parity_generator.srcs/constrs_1/new/mimas.xdc:123]
CRITICAL WARNING: [Common 17-55] 'set_property' expects at least one object. [/home/czaras/Projekty/studia/IUP/parity_generator/parity_generator.srcs/constrs_1/new/mimas.xdc:123]
Resolution: If [get_<value>] was used to populate the object, check to make sure this command returns at least one valid object.
WARNING: [Vivado 12-584] No ports matched 'LED[6]'. [/home/czaras/Projekty/studia/IUP/parity_generator/parity_generator.srcs/constrs_1/new/mimas.xdc:124]
CRITICAL WARNING: [Common 17-55] 'set_property' expects at least one object. [/home/czaras/Projekty/studia/IUP/parity_generator/parity_generator.srcs/constrs_1/new/mimas.xdc:124]
Resolution: If [get_<value>] was used to populate the object, check to make sure this command returns at least one valid object.
WARNING: [Vivado 12-584] No ports matched 'LED[7]'. [/home/czaras/Projekty/studia/IUP/parity_generator/parity_generator.srcs/constrs_1/new/mimas.xdc:125]
CRITICAL WARNING: [Common 17-55] 'set_property' expects at least one object. [/home/czaras/Projekty/studia/IUP/parity_generator/parity_generator.srcs/constrs_1/new/mimas.xdc:125]
Resolution: If [get_<value>] was used to populate the object, check to make sure this command returns at least one valid object.
WARNING: [Vivado 12-4702] SLEW is not a supported property on input port(s). Setting is ignored. [/home/czaras/Projekty/studia/IUP/parity_generator/parity_generator.srcs/constrs_1/new/mimas.xdc:130]
WARNING: [Vivado 12-4702] SLEW is not a supported property on input port(s). Setting is ignored. [/home/czaras/Projekty/studia/IUP/parity_generator/parity_generator.srcs/constrs_1/new/mimas.xdc:131]
WARNING: [Vivado 12-4702] SLEW is not a supported property on input port(s). Setting is ignored. [/home/czaras/Projekty/studia/IUP/parity_generator/parity_generator.srcs/constrs_1/new/mimas.xdc:132]
WARNING: [Vivado 12-4702] SLEW is not a supported property on input port(s). Setting is ignored. [/home/czaras/Projekty/studia/IUP/parity_generator/parity_generator.srcs/constrs_1/new/mimas.xdc:133]
WARNING: [Vivado 12-4702] SLEW is not a supported property on input port(s). Setting is ignored. [/home/czaras/Projekty/studia/IUP/parity_generator/parity_generator.srcs/constrs_1/new/mimas.xdc:134]
WARNING: [Vivado 12-4702] SLEW is not a supported property on input port(s). Setting is ignored. [/home/czaras/Projekty/studia/IUP/parity_generator/parity_generator.srcs/constrs_1/new/mimas.xdc:135]
WARNING: [Vivado 12-4702] SLEW is not a supported property on input port(s). Setting is ignored. [/home/czaras/Projekty/studia/IUP/parity_generator/parity_generator.srcs/constrs_1/new/mimas.xdc:136]
WARNING: [Vivado 12-4702] SLEW is not a supported property on input port(s). Setting is ignored. [/home/czaras/Projekty/studia/IUP/parity_generator/parity_generator.srcs/constrs_1/new/mimas.xdc:137]
WARNING: [Vivado 12-584] No ports matched 'iic_rtl_scl_io'. [/home/czaras/Projekty/studia/IUP/parity_generator/parity_generator.srcs/constrs_1/new/mimas.xdc:158]
CRITICAL WARNING: [Common 17-55] 'set_property' expects at least one object. [/home/czaras/Projekty/studia/IUP/parity_generator/parity_generator.srcs/constrs_1/new/mimas.xdc:158]
Resolution: If [get_<value>] was used to populate the object, check to make sure this command returns at least one valid object.
WARNING: [Vivado 12-584] No ports matched 'iic_rtl_sda_io'. [/home/czaras/Projekty/studia/IUP/parity_generator/parity_generator.srcs/constrs_1/new/mimas.xdc:159]
CRITICAL WARNING: [Common 17-55] 'set_property' expects at least one object. [/home/czaras/Projekty/studia/IUP/parity_generator/parity_generator.srcs/constrs_1/new/mimas.xdc:159]
Resolution: If [get_<value>] was used to populate the object, check to make sure this command returns at least one valid object.
WARNING: [Vivado 12-584] No ports matched 'hdmi_rx_cec'. [/home/czaras/Projekty/studia/IUP/parity_generator/parity_generator.srcs/constrs_1/new/mimas.xdc:165]
CRITICAL WARNING: [Common 17-55] 'set_property' expects at least one object. [/home/czaras/Projekty/studia/IUP/parity_generator/parity_generator.srcs/constrs_1/new/mimas.xdc:165]
Resolution: If [get_<value>] was used to populate the object, check to make sure this command returns at least one valid object.
WARNING: [Vivado 12-584] No ports matched 'hdmi_rx_clk_n'. [/home/czaras/Projekty/studia/IUP/parity_generator/parity_generator.srcs/constrs_1/new/mimas.xdc:166]
CRITICAL WARNING: [Common 17-55] 'set_property' expects at least one object. [/home/czaras/Projekty/studia/IUP/parity_generator/parity_generator.srcs/constrs_1/new/mimas.xdc:166]
Resolution: If [get_<value>] was used to populate the object, check to make sure this command returns at least one valid object.
WARNING: [Vivado 12-584] No ports matched 'hdmi_rx_clk_p'. [/home/czaras/Projekty/studia/IUP/parity_generator/parity_generator.srcs/constrs_1/new/mimas.xdc:167]
CRITICAL WARNING: [Common 17-55] 'set_property' expects at least one object. [/home/czaras/Projekty/studia/IUP/parity_generator/parity_generator.srcs/constrs_1/new/mimas.xdc:167]
Resolution: If [get_<value>] was used to populate the object, check to make sure this command returns at least one valid object.
WARNING: [Vivado 12-584] No ports matched 'hdmi_rx_hpa'. [/home/czaras/Projekty/studia/IUP/parity_generator/parity_generator.srcs/constrs_1/new/mimas.xdc:168]
CRITICAL WARNING: [Common 17-55] 'set_property' expects at least one object. [/home/czaras/Projekty/studia/IUP/parity_generator/parity_generator.srcs/constrs_1/new/mimas.xdc:168]
Resolution: If [get_<value>] was used to populate the object, check to make sure this command returns at least one valid object.
WARNING: [Vivado 12-584] No ports matched 'hdmi_rx_scl'. [/home/czaras/Projekty/studia/IUP/parity_generator/parity_generator.srcs/constrs_1/new/mimas.xdc:169]
CRITICAL WARNING: [Common 17-55] 'set_property' expects at least one object. [/home/czaras/Projekty/studia/IUP/parity_generator/parity_generator.srcs/constrs_1/new/mimas.xdc:169]
Resolution: If [get_<value>] was used to populate the object, check to make sure this command returns at least one valid object.
WARNING: [Vivado 12-584] No ports matched 'hdmi_rx_sda'. [/home/czaras/Projekty/studia/IUP/parity_generator/parity_generator.srcs/constrs_1/new/mimas.xdc:170]
CRITICAL WARNING: [Common 17-55] 'set_property' expects at least one object. [/home/czaras/Projekty/studia/IUP/parity_generator/parity_generator.srcs/constrs_1/new/mimas.xdc:170]
Resolution: If [get_<value>] was used to populate the object, check to make sure this command returns at least one valid object.
WARNING: [Vivado 12-584] No ports matched 'hdmi_rx_n[0]'. [/home/czaras/Projekty/studia/IUP/parity_generator/parity_generator.srcs/constrs_1/new/mimas.xdc:171]
CRITICAL WARNING: [Common 17-55] 'set_property' expects at least one object. [/home/czaras/Projekty/studia/IUP/parity_generator/parity_generator.srcs/constrs_1/new/mimas.xdc:171]
Resolution: If [get_<value>] was used to populate the object, check to make sure this command returns at least one valid object.
WARNING: [Vivado 12-584] No ports matched 'hdmi_rx_p[0]'. [/home/czaras/Projekty/studia/IUP/parity_generator/parity_generator.srcs/constrs_1/new/mimas.xdc:172]
CRITICAL WARNING: [Common 17-55] 'set_property' expects at least one object. [/home/czaras/Projekty/studia/IUP/parity_generator/parity_generator.srcs/constrs_1/new/mimas.xdc:172]
Resolution: If [get_<value>] was used to populate the object, check to make sure this command returns at least one valid object.
WARNING: [Vivado 12-584] No ports matched 'hdmi_rx_n[1]'. [/home/czaras/Projekty/studia/IUP/parity_generator/parity_generator.srcs/constrs_1/new/mimas.xdc:173]
CRITICAL WARNING: [Common 17-55] 'set_property' expects at least one object. [/home/czaras/Projekty/studia/IUP/parity_generator/parity_generator.srcs/constrs_1/new/mimas.xdc:173]
Resolution: If [get_<value>] was used to populate the object, check to make sure this command returns at least one valid object.
WARNING: [Vivado 12-584] No ports matched 'hdmi_rx_p[1]'. [/home/czaras/Projekty/studia/IUP/parity_generator/parity_generator.srcs/constrs_1/new/mimas.xdc:174]
INFO: [Common 17-14] Message 'Vivado 12-584' appears 100 times and further instances of the messages will be disabled. Use the Tcl command set_msg_config to change the current settings. [/home/czaras/Projekty/studia/IUP/parity_generator/parity_generator.srcs/constrs_1/new/mimas.xdc:174]
CRITICAL WARNING: [Common 17-55] 'set_property' expects at least one object. [/home/czaras/Projekty/studia/IUP/parity_generator/parity_generator.srcs/constrs_1/new/mimas.xdc:174]
Resolution: If [get_<value>] was used to populate the object, check to make sure this command returns at least one valid object.
INFO: [Common 17-14] Message 'Common 17-55' appears 100 times and further instances of the messages will be disabled. Use the Tcl command set_msg_config to change the current settings. [/home/czaras/Projekty/studia/IUP/parity_generator/parity_generator.srcs/constrs_1/new/mimas.xdc:174]
Finished Parsing XDC File [/home/czaras/Projekty/studia/IUP/parity_generator/parity_generator.srcs/constrs_1/new/mimas.xdc]
INFO: [Opt 31-138] Pushed 0 inverter(s) to 0 load pin(s).
Netlist sorting complete. Time (s): cpu = 00:00:00 ; elapsed = 00:00:00 . Memory (MB): peak = 1515.730 ; gain = 0.000 ; free physical = 305 ; free virtual = 6790
INFO: [Project 1-111] Unisim Transformation Summary:
No Unisim elements were transformed.

7 Infos, 108 Warnings, 100 Critical Warnings and 0 Errors encountered.
link_design completed successfully
Command: opt_design
Attempting to get a license for feature 'Implementation' and/or device 'xc7a50t'
INFO: [Common 17-349] Got license for feature 'Implementation' and/or device 'xc7a50t'
Running DRC as a precondition to command opt_design

Starting DRC Task
INFO: [DRC 23-27] Running DRC with 8 threads
INFO: [Project 1-461] DRC finished with 0 Errors
INFO: [Project 1-462] Please refer to the DRC report (report_drc) for more information.

Time (s): cpu = 00:00:01 ; elapsed = 00:00:01 . Memory (MB): peak = 1609.762 ; gain = 90.031 ; free physical = 277 ; free virtual = 6762

Starting Cache Timing Information Task
INFO: [Timing 38-35] Done setting XDC timing constraints.
Ending Cache Timing Information Task | Checksum: 203b37a61

Time (s): cpu = 00:00:05 ; elapsed = 00:00:05 . Memory (MB): peak = 2018.262 ; gain = 408.500 ; free physical = 123 ; free virtual = 6393

Starting Logic Optimization Task

Phase 1 Retarget
INFO: [Opt 31-138] Pushed 0 inverter(s) to 0 load pin(s).
INFO: [Opt 31-49] Retargeted 0 cell(s).
Phase 1 Retarget | Checksum: 203b37a61

Time (s): cpu = 00:00:00 ; elapsed = 00:00:00 . Memory (MB): peak = 2096.262 ; gain = 0.000 ; free physical = 128 ; free virtual = 6336
INFO: [Opt 31-389] Phase Retarget created 0 cells and removed 0 cells

Phase 2 Constant propagation
INFO: [Opt 31-138] Pushed 0 inverter(s) to 0 load pin(s).
Phase 2 Constant propagation | Checksum: 203b37a61

Time (s): cpu = 00:00:00 ; elapsed = 00:00:00 . Memory (MB): peak = 2096.262 ; gain = 0.000 ; free physical = 128 ; free virtual = 6336
INFO: [Opt 31-389] Phase Constant propagation created 0 cells and removed 0 cells

Phase 3 Sweep
Phase 3 Sweep | Checksum: 203b37a61

Time (s): cpu = 00:00:00 ; elapsed = 00:00:00.01 . Memory (MB): peak = 2096.262 ; gain = 0.000 ; free physical = 128 ; free virtual = 6336
INFO: [Opt 31-389] Phase Sweep created 0 cells and removed 0 cells

Phase 4 BUFG optimization
Phase 4 BUFG optimization | Checksum: 203b37a61

Time (s): cpu = 00:00:00 ; elapsed = 00:00:00.01 . Memory (MB): peak = 2096.262 ; gain = 0.000 ; free physical = 128 ; free virtual = 6336
INFO: [Opt 31-662] Phase BUFG optimization created 0 cells of which 0 are BUFGs and removed 0 cells.

Phase 5 Shift Register Optimization
Phase 5 Shift Register Optimization | Checksum: 203b37a61

Time (s): cpu = 00:00:00.01 ; elapsed = 00:00:00.02 . Memory (MB): peak = 2096.262 ; gain = 0.000 ; free physical = 128 ; free virtual = 6336
INFO: [Opt 31-389] Phase Shift Register Optimization created 0 cells and removed 0 cells

Phase 6 Post Processing Netlist
Phase 6 Post Processing Netlist | Checksum: 203b37a61

Time (s): cpu = 00:00:00.01 ; elapsed = 00:00:00.02 . Memory (MB): peak = 2096.262 ; gain = 0.000 ; free physical = 128 ; free virtual = 6336
INFO: [Opt 31-389] Phase Post Processing Netlist created 0 cells and removed 0 cells
Opt_design Change Summary
=========================


-------------------------------------------------------------------------------------------------------------------------
|  Phase                        |  #Cells created  |  #Cells Removed  |  #Constrained objects preventing optimizations  |
-------------------------------------------------------------------------------------------------------------------------
|  Retarget                     |               0  |               0  |                                              0  |
|  Constant propagation         |               0  |               0  |                                              0  |
|  Sweep                        |               0  |               0  |                                              0  |
|  BUFG optimization            |               0  |               0  |                                              0  |
|  Shift Register Optimization  |               0  |               0  |                                              0  |
|  Post Processing Netlist      |               0  |               0  |                                              0  |
-------------------------------------------------------------------------------------------------------------------------



Starting Connectivity Check Task

Time (s): cpu = 00:00:00 ; elapsed = 00:00:00 . Memory (MB): peak = 2096.262 ; gain = 0.000 ; free physical = 128 ; free virtual = 6336
Ending Logic Optimization Task | Checksum: 203b37a61

Time (s): cpu = 00:00:00.01 ; elapsed = 00:00:00.02 . Memory (MB): peak = 2096.262 ; gain = 0.000 ; free physical = 128 ; free virtual = 6336

Starting Power Optimization Task
INFO: [Pwropt 34-132] Skipping clock gating for clocks with a period < 2.00 ns.
Ending Power Optimization Task | Checksum: 203b37a61

Time (s): cpu = 00:00:00.01 ; elapsed = 00:00:00.01 . Memory (MB): peak = 2096.262 ; gain = 0.000 ; free physical = 127 ; free virtual = 6335

Starting Final Cleanup Task
Ending Final Cleanup Task | Checksum: 203b37a61

Time (s): cpu = 00:00:00 ; elapsed = 00:00:00 . Memory (MB): peak = 2096.262 ; gain = 0.000 ; free physical = 127 ; free virtual = 6335

Starting Netlist Obfuscation Task
Netlist sorting complete. Time (s): cpu = 00:00:00 ; elapsed = 00:00:00 . Memory (MB): peak = 2096.262 ; gain = 0.000 ; free physical = 127 ; free virtual = 6335
Ending Netlist Obfuscation Task | Checksum: 203b37a61

Time (s): cpu = 00:00:00 ; elapsed = 00:00:00 . Memory (MB): peak = 2096.262 ; gain = 0.000 ; free physical = 127 ; free virtual = 6335
INFO: [Common 17-83] Releasing license: Implementation
23 Infos, 108 Warnings, 100 Critical Warnings and 0 Errors encountered.
opt_design completed successfully
opt_design: Time (s): cpu = 00:00:07 ; elapsed = 00:00:07 . Memory (MB): peak = 2096.262 ; gain = 576.531 ; free physical = 127 ; free virtual = 6335
Netlist sorting complete. Time (s): cpu = 00:00:00 ; elapsed = 00:00:00 . Memory (MB): peak = 2096.262 ; gain = 0.000 ; free physical = 127 ; free virtual = 6335
INFO: [Timing 38-480] Writing timing data to binary archive.
Writing placer database...
Writing XDEF routing.
Writing XDEF routing logical nets.
Writing XDEF routing special nets.
Write XDEF Complete: Time (s): cpu = 00:00:00.05 ; elapsed = 00:00:00.01 . Memory (MB): peak = 2128.277 ; gain = 0.000 ; free physical = 123 ; free virtual = 6332
Netlist sorting complete. Time (s): cpu = 00:00:00 ; elapsed = 00:00:00 . Memory (MB): peak = 2128.277 ; gain = 0.000 ; free physical = 125 ; free virtual = 6334
INFO: [Common 17-1381] The checkpoint '/home/czaras/Projekty/studia/IUP/parity_generator/parity_generator.runs/impl_1/top_opt.dcp' has been generated.
INFO: [runtcl-4] Executing : report_drc -file top_drc_opted.rpt -pb top_drc_opted.pb -rpx top_drc_opted.rpx
Command: report_drc -file top_drc_opted.rpt -pb top_drc_opted.pb -rpx top_drc_opted.rpx
INFO: [IP_Flow 19-234] Refreshing IP repositories
INFO: [IP_Flow 19-1704] No user IP repositories specified
INFO: [IP_Flow 19-2313] Loaded Vivado IP repository '/home/czaras/xilinx/Vivado/2018.3/data/ip'.
INFO: [DRC 23-27] Running DRC with 8 threads
INFO: [Coretcl 2-168] The results of DRC are in file /home/czaras/Projekty/studia/IUP/parity_generator/parity_generator.runs/impl_1/top_drc_opted.rpt.
report_drc completed successfully
Command: place_design
Attempting to get a license for feature 'Implementation' and/or device 'xc7a50t'
INFO: [Common 17-349] Got license for feature 'Implementation' and/or device 'xc7a50t'
INFO: [DRC 23-27] Running DRC with 8 threads
INFO: [Vivado_Tcl 4-198] DRC finished with 0 Errors
INFO: [Vivado_Tcl 4-199] Please refer to the DRC report (report_drc) for more information.
Running DRC as a precondition to command place_design
INFO: [DRC 23-27] Running DRC with 8 threads
INFO: [Vivado_Tcl 4-198] DRC finished with 0 Errors
INFO: [Vivado_Tcl 4-199] Please refer to the DRC report (report_drc) for more information.

Starting Placer Task
INFO: [Place 30-611] Multithreading enabled for place_design using a maximum of 8 CPUs

Phase 1 Placer Initialization

Phase 1.1 Placer Initialization Netlist Sorting
Netlist sorting complete. Time (s): cpu = 00:00:00 ; elapsed = 00:00:00 . Memory (MB): peak = 2216.320 ; gain = 0.000 ; free physical = 118 ; free virtual = 6296
Phase 1.1 Placer Initialization Netlist Sorting | Checksum: 1cb180f69

Time (s): cpu = 00:00:00.01 ; elapsed = 00:00:00.02 . Memory (MB): peak = 2216.320 ; gain = 0.000 ; free physical = 118 ; free virtual = 6296
Netlist sorting complete. Time (s): cpu = 00:00:00 ; elapsed = 00:00:00 . Memory (MB): peak = 2216.320 ; gain = 0.000 ; free physical = 118 ; free virtual = 6296

Phase 1.2 IO Placement/ Clock Placement/ Build Placer Device
INFO: [Timing 38-35] Done setting XDC timing constraints.
Phase 1.2 IO Placement/ Clock Placement/ Build Placer Device | Checksum: 1cb180f69

Time (s): cpu = 00:00:00.33 ; elapsed = 00:00:00.31 . Memory (MB): peak = 2216.320 ; gain = 0.000 ; free physical = 126 ; free virtual = 6299

Phase 1.3 Build Placer Netlist Model
Phase 1.3 Build Placer Netlist Model | Checksum: 2a908a20a

Time (s): cpu = 00:00:00.34 ; elapsed = 00:00:00.33 . Memory (MB): peak = 2216.320 ; gain = 0.000 ; free physical = 126 ; free virtual = 6299

Phase 1.4 Constrain Clocks/Macros
Phase 1.4 Constrain Clocks/Macros | Checksum: 2a908a20a

Time (s): cpu = 00:00:00.35 ; elapsed = 00:00:00.33 . Memory (MB): peak = 2216.320 ; gain = 0.000 ; free physical = 126 ; free virtual = 6299
Phase 1 Placer Initialization | Checksum: 2a908a20a

Time (s): cpu = 00:00:00.35 ; elapsed = 00:00:00.33 . Memory (MB): peak = 2216.320 ; gain = 0.000 ; free physical = 126 ; free virtual = 6299

Phase 2 Global Placement

Phase 2.1 Floorplanning
Phase 2.1 Floorplanning | Checksum: 2a908a20a

Time (s): cpu = 00:00:00.35 ; elapsed = 00:00:00.33 . Memory (MB): peak = 2216.320 ; gain = 0.000 ; free physical = 126 ; free virtual = 6299
WARNING: [Place 46-29] place_design is not in timing mode. Skip physical synthesis in placer
Phase 2 Global Placement | Checksum: 211c263f8

Time (s): cpu = 00:00:00.45 ; elapsed = 00:00:00.40 . Memory (MB): peak = 2216.320 ; gain = 0.000 ; free physical = 113 ; free virtual = 6286

Phase 3 Detail Placement

Phase 3.1 Commit Multi Column Macros
Phase 3.1 Commit Multi Column Macros | Checksum: 211c263f8

Time (s): cpu = 00:00:00.46 ; elapsed = 00:00:00.40 . Memory (MB): peak = 2216.320 ; gain = 0.000 ; free physical = 113 ; free virtual = 6286

Phase 3.2 Commit Most Macros & LUTRAMs
Phase 3.2 Commit Most Macros & LUTRAMs | Checksum: 290c14505

Time (s): cpu = 00:00:00.46 ; elapsed = 00:00:00.40 . Memory (MB): peak = 2216.320 ; gain = 0.000 ; free physical = 113 ; free virtual = 6286

Phase 3.3 Area Swap Optimization
Phase 3.3 Area Swap Optimization | Checksum: 1dcbec6ab

Time (s): cpu = 00:00:00.47 ; elapsed = 00:00:00.41 . Memory (MB): peak = 2216.320 ; gain = 0.000 ; free physical = 119 ; free virtual = 6290

Phase 3.4 Pipeline Register Optimization
Phase 3.4 Pipeline Register Optimization | Checksum: 1dcbec6ab

Time (s): cpu = 00:00:00.47 ; elapsed = 00:00:00.41 . Memory (MB): peak = 2216.320 ; gain = 0.000 ; free physical = 119 ; free virtual = 6290

Phase 3.5 Small Shape Detail Placement
Phase 3.5 Small Shape Detail Placement | Checksum: 26955c1f6

Time (s): cpu = 00:00:00.53 ; elapsed = 00:00:00.47 . Memory (MB): peak = 2216.320 ; gain = 0.000 ; free physical = 118 ; free virtual = 6289

Phase 3.6 Re-assign LUT pins
Phase 3.6 Re-assign LUT pins | Checksum: 26955c1f6

Time (s): cpu = 00:00:00.53 ; elapsed = 00:00:00.47 . Memory (MB): peak = 2216.320 ; gain = 0.000 ; free physical = 118 ; free virtual = 6289

Phase 3.7 Pipeline Register Optimization
Phase 3.7 Pipeline Register Optimization | Checksum: 26955c1f6

Time (s): cpu = 00:00:00.53 ; elapsed = 00:00:00.47 . Memory (MB): peak = 2216.320 ; gain = 0.000 ; free physical = 118 ; free virtual = 6289
Phase 3 Detail Placement | Checksum: 26955c1f6

Time (s): cpu = 00:00:00.53 ; elapsed = 00:00:00.47 . Memory (MB): peak = 2216.320 ; gain = 0.000 ; free physical = 118 ; free virtual = 6289

Phase 4 Post Placement Optimization and Clean-Up

Phase 4.1 Post Commit Optimization
Phase 4.1 Post Commit Optimization | Checksum: 26955c1f6

Time (s): cpu = 00:00:00.54 ; elapsed = 00:00:00.48 . Memory (MB): peak = 2216.320 ; gain = 0.000 ; free physical = 118 ; free virtual = 6289

Phase 4.2 Post Placement Cleanup
Phase 4.2 Post Placement Cleanup | Checksum: 26955c1f6

Time (s): cpu = 00:00:00.54 ; elapsed = 00:00:00.48 . Memory (MB): peak = 2216.320 ; gain = 0.000 ; free physical = 118 ; free virtual = 6289

Phase 4.3 Placer Reporting
Phase 4.3 Placer Reporting | Checksum: 26955c1f6

Time (s): cpu = 00:00:00.54 ; elapsed = 00:00:00.48 . Memory (MB): peak = 2216.320 ; gain = 0.000 ; free physical = 118 ; free virtual = 6289

Phase 4.4 Final Placement Cleanup
Netlist sorting complete. Time (s): cpu = 00:00:00 ; elapsed = 00:00:00 . Memory (MB): peak = 2216.320 ; gain = 0.000 ; free physical = 118 ; free virtual = 6289
Phase 4.4 Final Placement Cleanup | Checksum: 26955c1f6

Time (s): cpu = 00:00:00.54 ; elapsed = 00:00:00.48 . Memory (MB): peak = 2216.320 ; gain = 0.000 ; free physical = 118 ; free virtual = 6289
Phase 4 Post Placement Optimization and Clean-Up | Checksum: 26955c1f6

Time (s): cpu = 00:00:00.54 ; elapsed = 00:00:00.48 . Memory (MB): peak = 2216.320 ; gain = 0.000 ; free physical = 118 ; free virtual = 6289
Ending Placer Task | Checksum: 18836743b

Time (s): cpu = 00:00:00.55 ; elapsed = 00:00:00.48 . Memory (MB): peak = 2216.320 ; gain = 0.000 ; free physical = 125 ; free virtual = 6296
INFO: [Common 17-83] Releasing license: Implementation
41 Infos, 109 Warnings, 100 Critical Warnings and 0 Errors encountered.
place_design completed successfully
Netlist sorting complete. Time (s): cpu = 00:00:00 ; elapsed = 00:00:00 . Memory (MB): peak = 2216.320 ; gain = 0.000 ; free physical = 125 ; free virtual = 6296
INFO: [Timing 38-480] Writing timing data to binary archive.
Writing placer database...
Writing XDEF routing.
Writing XDEF routing logical nets.
Writing XDEF routing special nets.
Write XDEF Complete: Time (s): cpu = 00:00:00.05 ; elapsed = 00:00:00.02 . Memory (MB): peak = 2216.320 ; gain = 0.000 ; free physical = 125 ; free virtual = 6296
Netlist sorting complete. Time (s): cpu = 00:00:00 ; elapsed = 00:00:00 . Memory (MB): peak = 2216.320 ; gain = 0.000 ; free physical = 125 ; free virtual = 6297
INFO: [Common 17-1381] The checkpoint '/home/czaras/Projekty/studia/IUP/parity_generator/parity_generator.runs/impl_1/top_placed.dcp' has been generated.
INFO: [runtcl-4] Executing : report_io -file top_io_placed.rpt
report_io: Time (s): cpu = 00:00:00.10 ; elapsed = 00:00:00.14 . Memory (MB): peak = 2216.320 ; gain = 0.000 ; free physical = 112 ; free virtual = 6283
INFO: [runtcl-4] Executing : report_utilization -file top_utilization_placed.rpt -pb top_utilization_placed.pb
INFO: [runtcl-4] Executing : report_control_sets -verbose -file top_control_sets_placed.rpt
report_control_sets: Time (s): cpu = 00:00:00.02 ; elapsed = 00:00:00.05 . Memory (MB): peak = 2216.320 ; gain = 0.000 ; free physical = 120 ; free virtual = 6291
Command: route_design
Attempting to get a license for feature 'Implementation' and/or device 'xc7a50t'
INFO: [Common 17-349] Got license for feature 'Implementation' and/or device 'xc7a50t'
Running DRC as a precondition to command route_design
INFO: [DRC 23-27] Running DRC with 8 threads
INFO: [Vivado_Tcl 4-198] DRC finished with 0 Errors
INFO: [Vivado_Tcl 4-199] Please refer to the DRC report (report_drc) for more information.


Starting Routing Task
INFO: [Route 35-254] Multithreading enabled for route_design using a maximum of 8 CPUs
Checksum: PlaceDB: 8af5bccd ConstDB: 0 ShapeSum: fd40b76e RouteDB: 0

Phase 1 Build RT Design
Phase 1 Build RT Design | Checksum: d20439d9

Time (s): cpu = 00:00:11 ; elapsed = 00:00:09 . Memory (MB): peak = 2257.871 ; gain = 41.551 ; free physical = 111 ; free virtual = 6197
Post Restoration Checksum: NetGraph: 3028a601 NumContArr: a1db93d8 Constraints: 0 Timing: 0

Phase 2 Router Initialization
INFO: [Route 35-64] No timing constraints were detected. The router will operate in resource-optimization mode.

Phase 2.1 Fix Topology Constraints
Phase 2.1 Fix Topology Constraints | Checksum: d20439d9

Time (s): cpu = 00:00:11 ; elapsed = 00:00:09 . Memory (MB): peak = 2276.867 ; gain = 60.547 ; free physical = 111 ; free virtual = 6167

Phase 2.2 Pre Route Cleanup
Phase 2.2 Pre Route Cleanup | Checksum: d20439d9

Time (s): cpu = 00:00:11 ; elapsed = 00:00:09 . Memory (MB): peak = 2276.867 ; gain = 60.547 ; free physical = 111 ; free virtual = 6167
 Number of Nodes with overlaps = 0
Phase 2 Router Initialization | Checksum: 1d07498ff

Time (s): cpu = 00:00:11 ; elapsed = 00:00:09 . Memory (MB): peak = 2280.867 ; gain = 64.547 ; free physical = 123 ; free virtual = 6162

Phase 3 Initial Routing
Phase 3 Initial Routing | Checksum: c7642ea6

Time (s): cpu = 00:00:11 ; elapsed = 00:00:09 . Memory (MB): peak = 2288.895 ; gain = 72.574 ; free physical = 123 ; free virtual = 6162

Phase 4 Rip-up And Reroute

Phase 4.1 Global Iteration 0
 Number of Nodes with overlaps = 0
Phase 4.1 Global Iteration 0 | Checksum: 1673eadb9

Time (s): cpu = 00:00:11 ; elapsed = 00:00:09 . Memory (MB): peak = 2288.895 ; gain = 72.574 ; free physical = 123 ; free virtual = 6162
Phase 4 Rip-up And Reroute | Checksum: 1673eadb9

Time (s): cpu = 00:00:11 ; elapsed = 00:00:09 . Memory (MB): peak = 2288.895 ; gain = 72.574 ; free physical = 123 ; free virtual = 6162

Phase 5 Delay and Skew Optimization
Phase 5 Delay and Skew Optimization | Checksum: 1673eadb9

Time (s): cpu = 00:00:11 ; elapsed = 00:00:09 . Memory (MB): peak = 2288.895 ; gain = 72.574 ; free physical = 123 ; free virtual = 6162

Phase 6 Post Hold Fix

Phase 6.1 Hold Fix Iter
Phase 6.1 Hold Fix Iter | Checksum: 1673eadb9

Time (s): cpu = 00:00:11 ; elapsed = 00:00:09 . Memory (MB): peak = 2288.895 ; gain = 72.574 ; free physical = 123 ; free virtual = 6162
Phase 6 Post Hold Fix | Checksum: 1673eadb9

Time (s): cpu = 00:00:11 ; elapsed = 00:00:09 . Memory (MB): peak = 2288.895 ; gain = 72.574 ; free physical = 123 ; free virtual = 6162

Phase 7 Route finalize

Router Utilization Summary
  Global Vertical Routing Utilization    = 0.00869011 %
  Global Horizontal Routing Utilization  = 0.0127538 %
  Routable Net Status*
  *Does not include unroutable nets such as driverless and loadless.
  Run report_route_status for detailed report.
  Number of Failed Nets               = 0
  Number of Unrouted Nets             = 0
  Number of Partially Routed Nets     = 0
  Number of Node Overlaps             = 0

Congestion Report
North Dir 1x1 Area, Max Cong = 3.6036%, No Congested Regions.
South Dir 1x1 Area, Max Cong = 3.6036%, No Congested Regions.
East Dir 1x1 Area, Max Cong = 11.7647%, No Congested Regions.
West Dir 1x1 Area, Max Cong = 0%, No Congested Regions.

------------------------------
Reporting congestion hotspots
------------------------------
Direction: North
----------------
Congested clusters found at Level 0
Effective congestion level: 0 Aspect Ratio: 1 Sparse Ratio: 0
Direction: South
----------------
Congested clusters found at Level 0
Effective congestion level: 0 Aspect Ratio: 1 Sparse Ratio: 0
Direction: East
----------------
Congested clusters found at Level 0
Effective congestion level: 0 Aspect Ratio: 1 Sparse Ratio: 0
Direction: West
----------------
Congested clusters found at Level 0
Effective congestion level: 0 Aspect Ratio: 1 Sparse Ratio: 0

Phase 7 Route finalize | Checksum: 1673eadb9

Time (s): cpu = 00:00:11 ; elapsed = 00:00:09 . Memory (MB): peak = 2288.895 ; gain = 72.574 ; free physical = 123 ; free virtual = 6162

Phase 8 Verifying routed nets

 Verification completed successfully
Phase 8 Verifying routed nets | Checksum: 1673eadb9

Time (s): cpu = 00:00:11 ; elapsed = 00:00:09 . Memory (MB): peak = 2290.895 ; gain = 74.574 ; free physical = 121 ; free virtual = 6161

Phase 9 Depositing Routes
Phase 9 Depositing Routes | Checksum: c8941975

Time (s): cpu = 00:00:11 ; elapsed = 00:00:09 . Memory (MB): peak = 2290.895 ; gain = 74.574 ; free physical = 121 ; free virtual = 6161
INFO: [Route 35-16] Router Completed Successfully

Time (s): cpu = 00:00:11 ; elapsed = 00:00:09 . Memory (MB): peak = 2290.895 ; gain = 74.574 ; free physical = 142 ; free virtual = 6182

Routing Is Done.
INFO: [Common 17-83] Releasing license: Implementation
54 Infos, 109 Warnings, 100 Critical Warnings and 0 Errors encountered.
route_design completed successfully
route_design: Time (s): cpu = 00:00:12 ; elapsed = 00:00:10 . Memory (MB): peak = 2290.895 ; gain = 74.574 ; free physical = 142 ; free virtual = 6182
Netlist sorting complete. Time (s): cpu = 00:00:00 ; elapsed = 00:00:00 . Memory (MB): peak = 2290.895 ; gain = 0.000 ; free physical = 142 ; free virtual = 6182
INFO: [Timing 38-480] Writing timing data to binary archive.
Writing placer database...
Writing XDEF routing.
Writing XDEF routing logical nets.
Writing XDEF routing special nets.
Write XDEF Complete: Time (s): cpu = 00:00:00.03 ; elapsed = 00:00:00.01 . Memory (MB): peak = 2290.895 ; gain = 0.000 ; free physical = 142 ; free virtual = 6183
Netlist sorting complete. Time (s): cpu = 00:00:00 ; elapsed = 00:00:00 . Memory (MB): peak = 2290.895 ; gain = 0.000 ; free physical = 142 ; free virtual = 6183
INFO: [Common 17-1381] The checkpoint '/home/czaras/Projekty/studia/IUP/parity_generator/parity_generator.runs/impl_1/top_routed.dcp' has been generated.
INFO: [runtcl-4] Executing : report_drc -file top_drc_routed.rpt -pb top_drc_routed.pb -rpx top_drc_routed.rpx
Command: report_drc -file top_drc_routed.rpt -pb top_drc_routed.pb -rpx top_drc_routed.rpx
INFO: [IP_Flow 19-1839] IP Catalog is up to date.
INFO: [DRC 23-27] Running DRC with 8 threads
INFO: [Coretcl 2-168] The results of DRC are in file /home/czaras/Projekty/studia/IUP/parity_generator/parity_generator.runs/impl_1/top_drc_routed.rpt.
report_drc completed successfully
INFO: [runtcl-4] Executing : report_methodology -file top_methodology_drc_routed.rpt -pb top_methodology_drc_routed.pb -rpx top_methodology_drc_routed.rpx
Command: report_methodology -file top_methodology_drc_routed.rpt -pb top_methodology_drc_routed.pb -rpx top_methodology_drc_routed.rpx
INFO: [Timing 38-35] Done setting XDC timing constraints.
INFO: [DRC 23-133] Running Methodology with 8 threads
INFO: [Coretcl 2-1520] The results of Report Methodology are in file /home/czaras/Projekty/studia/IUP/parity_generator/parity_generator.runs/impl_1/top_methodology_drc_routed.rpt.
report_methodology completed successfully
INFO: [runtcl-4] Executing : report_power -file top_power_routed.rpt -pb top_power_summary_routed.pb -rpx top_power_routed.rpx
Command: report_power -file top_power_routed.rpt -pb top_power_summary_routed.pb -rpx top_power_routed.rpx
WARNING: [Power 33-232] No user defined clocks were found in the design!
Resolution: Please specify clocks using create_clock/create_generated_clock for sequential elements. For pure combinatorial circuits, please specify a virtual clock, otherwise the vectorless estimation might be inaccurate
INFO: [Timing 38-35] Done setting XDC timing constraints.
Running Vector-less Activity Propagation...

Finished Running Vector-less Activity Propagation
66 Infos, 110 Warnings, 100 Critical Warnings and 0 Errors encountered.
report_power completed successfully
INFO: [runtcl-4] Executing : report_route_status -file top_route_status.rpt -pb top_route_status.pb
INFO: [runtcl-4] Executing : report_timing_summary -max_paths 10 -file top_timing_summary_routed.rpt -pb top_timing_summary_routed.pb -rpx top_timing_summary_routed.rpx -warn_on_violation 
INFO: [Timing 38-91] UpdateTimingParams: Speed grade: -1, Delay Type: min_max.
INFO: [Timing 38-191] Multithreading enabled for timing update using a maximum of 8 CPUs
WARNING: [Timing 38-313] There are no user specified timing constraints. Timing constraints are needed for proper timing analysis.
INFO: [runtcl-4] Executing : report_incremental_reuse -file top_incremental_reuse_routed.rpt
INFO: [Vivado_Tcl 4-1062] Incremental flow is disabled. No incremental reuse Info to report.
INFO: [runtcl-4] Executing : report_clock_utilization -file top_clock_utilization_routed.rpt
INFO: [runtcl-4] Executing : report_bus_skew -warn_on_violation -file top_bus_skew_routed.rpt -pb top_bus_skew_routed.pb -rpx top_bus_skew_routed.rpx
INFO: [Timing 38-91] UpdateTimingParams: Speed grade: -1, Delay Type: min_max.
INFO: [Timing 38-191] Multithreading enabled for timing update using a maximum of 8 CPUs
Command: write_bitstream -force top.bit -bin_file
Attempting to get a license for feature 'Implementation' and/or device 'xc7a50t'
INFO: [Common 17-349] Got license for feature 'Implementation' and/or device 'xc7a50t'
Running DRC as a precondition to command write_bitstream
INFO: [IP_Flow 19-1839] IP Catalog is up to date.
INFO: [DRC 23-27] Running DRC with 8 threads
INFO: [Vivado 12-3199] DRC finished with 0 Errors
INFO: [Vivado 12-3200] Please refer to the DRC report (report_drc) for more information.
INFO: [Designutils 20-2272] Running write_bitstream with 8 threads.
Loading data files...
Loading site data...
Loading route data...
Processing options...
Creating bitmap...
Creating bitstream...
Writing bitstream ./top.bit...
Writing bitstream ./top.bin...
INFO: [Vivado 12-1842] Bitgen Completed Successfully.
INFO: [Project 1-120] WebTalk data collection is mandatory when using a WebPACK part without a full Vivado license. To see the specific WebTalk data collected for your design, open the usage_statistics_webtalk.html or usage_statistics_webtalk.xml file in the implementation directory.
INFO: [Common 17-83] Releasing license: Implementation
85 Infos, 111 Warnings, 100 Critical Warnings and 0 Errors encountered.
write_bitstream completed successfully
write_bitstream: Time (s): cpu = 00:00:11 ; elapsed = 00:02:21 . Memory (MB): peak = 2641.629 ; gain = 252.680 ; free physical = 437 ; free virtual = 6012
INFO: [Common 17-206] Exiting Vivado at Thu Mar  2 18:03:41 2023...
