
*** Running vivado
    with args -log top.vds -m64 -product Vivado -mode batch -messageDb vivado.pb -notrace -source top.tcl


****** Vivado v2018.3 (64-bit)
  **** SW Build 2405991 on Thu Dec  6 23:36:41 MST 2018
  **** IP Build 2404404 on Fri Dec  7 01:43:56 MST 2018
    ** Copyright 1986-2018 Xilinx, Inc. All Rights Reserved.

source top.tcl -notrace
Command: synth_design -top top -part xc7a50tfgg484-1
Starting synth_design
Attempting to get a license for feature 'Synthesis' and/or device 'xc7a50t'
INFO: [Common 17-349] Got license for feature 'Synthesis' and/or device 'xc7a50t'
INFO: Launching helper process for spawning children vivado processes
INFO: Helper process launched with PID 13984 
---------------------------------------------------------------------------------
Starting RTL Elaboration : Time (s): cpu = 00:00:01 ; elapsed = 00:00:02 . Memory (MB): peak = 1353.676 ; gain = 0.000 ; free physical = 359 ; free virtual = 6944
---------------------------------------------------------------------------------
INFO: [Synth 8-638] synthesizing module 'top' [/home/czaras/Projekty/studia/IUP/parity_generator/parity_generator.srcs/sources_1/new/parity.vhd:40]
INFO: [Synth 8-256] done synthesizing module 'top' (1#1) [/home/czaras/Projekty/studia/IUP/parity_generator/parity_generator.srcs/sources_1/new/parity.vhd:40]
WARNING: [Synth 8-3917] design top has port led7_an_o[3] driven by constant 1
WARNING: [Synth 8-3917] design top has port led7_an_o[2] driven by constant 1
WARNING: [Synth 8-3917] design top has port led7_an_o[1] driven by constant 1
WARNING: [Synth 8-3917] design top has port led7_an_o[0] driven by constant 0
WARNING: [Synth 8-3917] design top has port led7_seg_o[7] driven by constant 0
---------------------------------------------------------------------------------
Finished RTL Elaboration : Time (s): cpu = 00:00:02 ; elapsed = 00:00:03 . Memory (MB): peak = 1353.676 ; gain = 0.000 ; free physical = 311 ; free virtual = 6898
---------------------------------------------------------------------------------

Report Check Netlist: 
+------+------------------+-------+---------+-------+------------------+
|      |Item              |Errors |Warnings |Status |Description       |
+------+------------------+-------+---------+-------+------------------+
|1     |multi_driven_nets |      0|        0|Passed |Multi driven nets |
+------+------------------+-------+---------+-------+------------------+
---------------------------------------------------------------------------------
Start Handling Custom Attributes
---------------------------------------------------------------------------------
---------------------------------------------------------------------------------
Finished Handling Custom Attributes : Time (s): cpu = 00:00:02 ; elapsed = 00:00:03 . Memory (MB): peak = 1353.676 ; gain = 0.000 ; free physical = 311 ; free virtual = 6899
---------------------------------------------------------------------------------
---------------------------------------------------------------------------------
Finished RTL Optimization Phase 1 : Time (s): cpu = 00:00:02 ; elapsed = 00:00:03 . Memory (MB): peak = 1353.676 ; gain = 0.000 ; free physical = 311 ; free virtual = 6899
---------------------------------------------------------------------------------
INFO: [Device 21-403] Loading part xc7a50tfgg484-1
INFO: [Project 1-570] Preparing netlist for logic optimization

Processing XDC Constraints
Initializing timing engine
Parsing XDC File [/home/czaras/Projekty/studia/IUP/parity_generator/parity_generator.srcs/constrs_1/new/mimas.xdc]
WARNING: [Vivado 12-584] No ports matched 'CLK1'. [/home/czaras/Projekty/studia/IUP/parity_generator/parity_generator.srcs/constrs_1/new/mimas.xdc:7]
CRITICAL WARNING: [Common 17-55] 'set_property' expects at least one object. [/home/czaras/Projekty/studia/IUP/parity_generator/parity_generator.srcs/constrs_1/new/mimas.xdc:7]
Resolution: If [get_<value>] was used to populate the object, check to make sure this command returns at least one valid object.
WARNING: [Vivado 12-584] No ports matched 'RESET'. [/home/czaras/Projekty/studia/IUP/parity_generator/parity_generator.srcs/constrs_1/new/mimas.xdc:12]
CRITICAL WARNING: [Common 17-55] 'set_property' expects at least one object. [/home/czaras/Projekty/studia/IUP/parity_generator/parity_generator.srcs/constrs_1/new/mimas.xdc:12]
Resolution: If [get_<value>] was used to populate the object, check to make sure this command returns at least one valid object.
WARNING: [Vivado 12-584] No ports matched 'DATA[0]'. [/home/czaras/Projekty/studia/IUP/parity_generator/parity_generator.srcs/constrs_1/new/mimas.xdc:17]
CRITICAL WARNING: [Common 17-55] 'set_property' expects at least one object. [/home/czaras/Projekty/studia/IUP/parity_generator/parity_generator.srcs/constrs_1/new/mimas.xdc:17]
Resolution: If [get_<value>] was used to populate the object, check to make sure this command returns at least one valid object.
WARNING: [Vivado 12-584] No ports matched 'DATA[1]'. [/home/czaras/Projekty/studia/IUP/parity_generator/parity_generator.srcs/constrs_1/new/mimas.xdc:18]
CRITICAL WARNING: [Common 17-55] 'set_property' expects at least one object. [/home/czaras/Projekty/studia/IUP/parity_generator/parity_generator.srcs/constrs_1/new/mimas.xdc:18]
Resolution: If [get_<value>] was used to populate the object, check to make sure this command returns at least one valid object.
WARNING: [Vivado 12-584] No ports matched 'DATA[2]'. [/home/czaras/Projekty/studia/IUP/parity_generator/parity_generator.srcs/constrs_1/new/mimas.xdc:19]
CRITICAL WARNING: [Common 17-55] 'set_property' expects at least one object. [/home/czaras/Projekty/studia/IUP/parity_generator/parity_generator.srcs/constrs_1/new/mimas.xdc:19]
Resolution: If [get_<value>] was used to populate the object, check to make sure this command returns at least one valid object.
WARNING: [Vivado 12-584] No ports matched 'DATA[3]'. [/home/czaras/Projekty/studia/IUP/parity_generator/parity_generator.srcs/constrs_1/new/mimas.xdc:20]
CRITICAL WARNING: [Common 17-55] 'set_property' expects at least one object. [/home/czaras/Projekty/studia/IUP/parity_generator/parity_generator.srcs/constrs_1/new/mimas.xdc:20]
Resolution: If [get_<value>] was used to populate the object, check to make sure this command returns at least one valid object.
WARNING: [Vivado 12-584] No ports matched 'DATA[4]'. [/home/czaras/Projekty/studia/IUP/parity_generator/parity_generator.srcs/constrs_1/new/mimas.xdc:21]
CRITICAL WARNING: [Common 17-55] 'set_property' expects at least one object. [/home/czaras/Projekty/studia/IUP/parity_generator/parity_generator.srcs/constrs_1/new/mimas.xdc:21]
Resolution: If [get_<value>] was used to populate the object, check to make sure this command returns at least one valid object.
WARNING: [Vivado 12-584] No ports matched 'DATA[5]'. [/home/czaras/Projekty/studia/IUP/parity_generator/parity_generator.srcs/constrs_1/new/mimas.xdc:22]
CRITICAL WARNING: [Common 17-55] 'set_property' expects at least one object. [/home/czaras/Projekty/studia/IUP/parity_generator/parity_generator.srcs/constrs_1/new/mimas.xdc:22]
Resolution: If [get_<value>] was used to populate the object, check to make sure this command returns at least one valid object.
WARNING: [Vivado 12-584] No ports matched 'DATA[6]'. [/home/czaras/Projekty/studia/IUP/parity_generator/parity_generator.srcs/constrs_1/new/mimas.xdc:23]
CRITICAL WARNING: [Common 17-55] 'set_property' expects at least one object. [/home/czaras/Projekty/studia/IUP/parity_generator/parity_generator.srcs/constrs_1/new/mimas.xdc:23]
Resolution: If [get_<value>] was used to populate the object, check to make sure this command returns at least one valid object.
WARNING: [Vivado 12-584] No ports matched 'DATA[7]'. [/home/czaras/Projekty/studia/IUP/parity_generator/parity_generator.srcs/constrs_1/new/mimas.xdc:24]
CRITICAL WARNING: [Common 17-55] 'set_property' expects at least one object. [/home/czaras/Projekty/studia/IUP/parity_generator/parity_generator.srcs/constrs_1/new/mimas.xdc:24]
Resolution: If [get_<value>] was used to populate the object, check to make sure this command returns at least one valid object.
WARNING: [Vivado 12-584] No ports matched 'TXE_N'. [/home/czaras/Projekty/studia/IUP/parity_generator/parity_generator.srcs/constrs_1/new/mimas.xdc:26]
CRITICAL WARNING: [Common 17-55] 'set_property' expects at least one object. [/home/czaras/Projekty/studia/IUP/parity_generator/parity_generator.srcs/constrs_1/new/mimas.xdc:26]
Resolution: If [get_<value>] was used to populate the object, check to make sure this command returns at least one valid object.
WARNING: [Vivado 12-584] No ports matched 'RXF_N'. [/home/czaras/Projekty/studia/IUP/parity_generator/parity_generator.srcs/constrs_1/new/mimas.xdc:27]
CRITICAL WARNING: [Common 17-55] 'set_property' expects at least one object. [/home/czaras/Projekty/studia/IUP/parity_generator/parity_generator.srcs/constrs_1/new/mimas.xdc:27]
Resolution: If [get_<value>] was used to populate the object, check to make sure this command returns at least one valid object.
WARNING: [Vivado 12-584] No ports matched 'WR_N'. [/home/czaras/Projekty/studia/IUP/parity_generator/parity_generator.srcs/constrs_1/new/mimas.xdc:28]
CRITICAL WARNING: [Common 17-55] 'set_property' expects at least one object. [/home/czaras/Projekty/studia/IUP/parity_generator/parity_generator.srcs/constrs_1/new/mimas.xdc:28]
Resolution: If [get_<value>] was used to populate the object, check to make sure this command returns at least one valid object.
WARNING: [Vivado 12-584] No ports matched 'RD_N'. [/home/czaras/Projekty/studia/IUP/parity_generator/parity_generator.srcs/constrs_1/new/mimas.xdc:29]
CRITICAL WARNING: [Common 17-55] 'set_property' expects at least one object. [/home/czaras/Projekty/studia/IUP/parity_generator/parity_generator.srcs/constrs_1/new/mimas.xdc:29]
Resolution: If [get_<value>] was used to populate the object, check to make sure this command returns at least one valid object.
WARNING: [Vivado 12-584] No ports matched 'CLKOUT'. [/home/czaras/Projekty/studia/IUP/parity_generator/parity_generator.srcs/constrs_1/new/mimas.xdc:30]
CRITICAL WARNING: [Common 17-55] 'set_property' expects at least one object. [/home/czaras/Projekty/studia/IUP/parity_generator/parity_generator.srcs/constrs_1/new/mimas.xdc:30]
Resolution: If [get_<value>] was used to populate the object, check to make sure this command returns at least one valid object.
WARNING: [Vivado 12-584] No ports matched 'OE_N'. [/home/czaras/Projekty/studia/IUP/parity_generator/parity_generator.srcs/constrs_1/new/mimas.xdc:31]
CRITICAL WARNING: [Common 17-55] 'set_property' expects at least one object. [/home/czaras/Projekty/studia/IUP/parity_generator/parity_generator.srcs/constrs_1/new/mimas.xdc:31]
Resolution: If [get_<value>] was used to populate the object, check to make sure this command returns at least one valid object.
WARNING: [Vivado 12-584] No ports matched 'SIWUA'. [/home/czaras/Projekty/studia/IUP/parity_generator/parity_generator.srcs/constrs_1/new/mimas.xdc:32]
CRITICAL WARNING: [Common 17-55] 'set_property' expects at least one object. [/home/czaras/Projekty/studia/IUP/parity_generator/parity_generator.srcs/constrs_1/new/mimas.xdc:32]
Resolution: If [get_<value>] was used to populate the object, check to make sure this command returns at least one valid object.
WARNING: [Vivado 12-584] No ports matched 'ddr3_dq[0]'. [/home/czaras/Projekty/studia/IUP/parity_generator/parity_generator.srcs/constrs_1/new/mimas.xdc:39]
CRITICAL WARNING: [Common 17-55] 'set_property' expects at least one object. [/home/czaras/Projekty/studia/IUP/parity_generator/parity_generator.srcs/constrs_1/new/mimas.xdc:39]
Resolution: If [get_<value>] was used to populate the object, check to make sure this command returns at least one valid object.
WARNING: [Vivado 12-584] No ports matched 'ddr3_dq[1]'. [/home/czaras/Projekty/studia/IUP/parity_generator/parity_generator.srcs/constrs_1/new/mimas.xdc:40]
CRITICAL WARNING: [Common 17-55] 'set_property' expects at least one object. [/home/czaras/Projekty/studia/IUP/parity_generator/parity_generator.srcs/constrs_1/new/mimas.xdc:40]
Resolution: If [get_<value>] was used to populate the object, check to make sure this command returns at least one valid object.
WARNING: [Vivado 12-584] No ports matched 'ddr3_dq[2]'. [/home/czaras/Projekty/studia/IUP/parity_generator/parity_generator.srcs/constrs_1/new/mimas.xdc:41]
CRITICAL WARNING: [Common 17-55] 'set_property' expects at least one object. [/home/czaras/Projekty/studia/IUP/parity_generator/parity_generator.srcs/constrs_1/new/mimas.xdc:41]
Resolution: If [get_<value>] was used to populate the object, check to make sure this command returns at least one valid object.
WARNING: [Vivado 12-584] No ports matched 'ddr3_dq[3]'. [/home/czaras/Projekty/studia/IUP/parity_generator/parity_generator.srcs/constrs_1/new/mimas.xdc:42]
CRITICAL WARNING: [Common 17-55] 'set_property' expects at least one object. [/home/czaras/Projekty/studia/IUP/parity_generator/parity_generator.srcs/constrs_1/new/mimas.xdc:42]
Resolution: If [get_<value>] was used to populate the object, check to make sure this command returns at least one valid object.
WARNING: [Vivado 12-584] No ports matched 'ddr3_dq[4]'. [/home/czaras/Projekty/studia/IUP/parity_generator/parity_generator.srcs/constrs_1/new/mimas.xdc:43]
CRITICAL WARNING: [Common 17-55] 'set_property' expects at least one object. [/home/czaras/Projekty/studia/IUP/parity_generator/parity_generator.srcs/constrs_1/new/mimas.xdc:43]
Resolution: If [get_<value>] was used to populate the object, check to make sure this command returns at least one valid object.
WARNING: [Vivado 12-584] No ports matched 'ddr3_dq[5]'. [/home/czaras/Projekty/studia/IUP/parity_generator/parity_generator.srcs/constrs_1/new/mimas.xdc:44]
CRITICAL WARNING: [Common 17-55] 'set_property' expects at least one object. [/home/czaras/Projekty/studia/IUP/parity_generator/parity_generator.srcs/constrs_1/new/mimas.xdc:44]
Resolution: If [get_<value>] was used to populate the object, check to make sure this command returns at least one valid object.
WARNING: [Vivado 12-584] No ports matched 'ddr3_dq[6]'. [/home/czaras/Projekty/studia/IUP/parity_generator/parity_generator.srcs/constrs_1/new/mimas.xdc:45]
CRITICAL WARNING: [Common 17-55] 'set_property' expects at least one object. [/home/czaras/Projekty/studia/IUP/parity_generator/parity_generator.srcs/constrs_1/new/mimas.xdc:45]
Resolution: If [get_<value>] was used to populate the object, check to make sure this command returns at least one valid object.
WARNING: [Vivado 12-584] No ports matched 'ddr3_dq[7]'. [/home/czaras/Projekty/studia/IUP/parity_generator/parity_generator.srcs/constrs_1/new/mimas.xdc:46]
CRITICAL WARNING: [Common 17-55] 'set_property' expects at least one object. [/home/czaras/Projekty/studia/IUP/parity_generator/parity_generator.srcs/constrs_1/new/mimas.xdc:46]
Resolution: If [get_<value>] was used to populate the object, check to make sure this command returns at least one valid object.
WARNING: [Vivado 12-584] No ports matched 'ddr3_dq[8]'. [/home/czaras/Projekty/studia/IUP/parity_generator/parity_generator.srcs/constrs_1/new/mimas.xdc:47]
CRITICAL WARNING: [Common 17-55] 'set_property' expects at least one object. [/home/czaras/Projekty/studia/IUP/parity_generator/parity_generator.srcs/constrs_1/new/mimas.xdc:47]
Resolution: If [get_<value>] was used to populate the object, check to make sure this command returns at least one valid object.
WARNING: [Vivado 12-584] No ports matched 'ddr3_dq[9]'. [/home/czaras/Projekty/studia/IUP/parity_generator/parity_generator.srcs/constrs_1/new/mimas.xdc:48]
CRITICAL WARNING: [Common 17-55] 'set_property' expects at least one object. [/home/czaras/Projekty/studia/IUP/parity_generator/parity_generator.srcs/constrs_1/new/mimas.xdc:48]
Resolution: If [get_<value>] was used to populate the object, check to make sure this command returns at least one valid object.
WARNING: [Vivado 12-584] No ports matched 'ddr3_dq[10]'. [/home/czaras/Projekty/studia/IUP/parity_generator/parity_generator.srcs/constrs_1/new/mimas.xdc:49]
CRITICAL WARNING: [Common 17-55] 'set_property' expects at least one object. [/home/czaras/Projekty/studia/IUP/parity_generator/parity_generator.srcs/constrs_1/new/mimas.xdc:49]
Resolution: If [get_<value>] was used to populate the object, check to make sure this command returns at least one valid object.
WARNING: [Vivado 12-584] No ports matched 'ddr3_dq[11]'. [/home/czaras/Projekty/studia/IUP/parity_generator/parity_generator.srcs/constrs_1/new/mimas.xdc:50]
CRITICAL WARNING: [Common 17-55] 'set_property' expects at least one object. [/home/czaras/Projekty/studia/IUP/parity_generator/parity_generator.srcs/constrs_1/new/mimas.xdc:50]
Resolution: If [get_<value>] was used to populate the object, check to make sure this command returns at least one valid object.
WARNING: [Vivado 12-584] No ports matched 'ddr3_dq[12]'. [/home/czaras/Projekty/studia/IUP/parity_generator/parity_generator.srcs/constrs_1/new/mimas.xdc:51]
CRITICAL WARNING: [Common 17-55] 'set_property' expects at least one object. [/home/czaras/Projekty/studia/IUP/parity_generator/parity_generator.srcs/constrs_1/new/mimas.xdc:51]
Resolution: If [get_<value>] was used to populate the object, check to make sure this command returns at least one valid object.
WARNING: [Vivado 12-584] No ports matched 'ddr3_dq[13]'. [/home/czaras/Projekty/studia/IUP/parity_generator/parity_generator.srcs/constrs_1/new/mimas.xdc:52]
CRITICAL WARNING: [Common 17-55] 'set_property' expects at least one object. [/home/czaras/Projekty/studia/IUP/parity_generator/parity_generator.srcs/constrs_1/new/mimas.xdc:52]
Resolution: If [get_<value>] was used to populate the object, check to make sure this command returns at least one valid object.
WARNING: [Vivado 12-584] No ports matched 'ddr3_dq[14]'. [/home/czaras/Projekty/studia/IUP/parity_generator/parity_generator.srcs/constrs_1/new/mimas.xdc:53]
CRITICAL WARNING: [Common 17-55] 'set_property' expects at least one object. [/home/czaras/Projekty/studia/IUP/parity_generator/parity_generator.srcs/constrs_1/new/mimas.xdc:53]
Resolution: If [get_<value>] was used to populate the object, check to make sure this command returns at least one valid object.
WARNING: [Vivado 12-584] No ports matched 'ddr3_dq[15]'. [/home/czaras/Projekty/studia/IUP/parity_generator/parity_generator.srcs/constrs_1/new/mimas.xdc:54]
CRITICAL WARNING: [Common 17-55] 'set_property' expects at least one object. [/home/czaras/Projekty/studia/IUP/parity_generator/parity_generator.srcs/constrs_1/new/mimas.xdc:54]
Resolution: If [get_<value>] was used to populate the object, check to make sure this command returns at least one valid object.
WARNING: [Vivado 12-584] No ports matched 'ddr3_addr[0]'. [/home/czaras/Projekty/studia/IUP/parity_generator/parity_generator.srcs/constrs_1/new/mimas.xdc:55]
CRITICAL WARNING: [Common 17-55] 'set_property' expects at least one object. [/home/czaras/Projekty/studia/IUP/parity_generator/parity_generator.srcs/constrs_1/new/mimas.xdc:55]
Resolution: If [get_<value>] was used to populate the object, check to make sure this command returns at least one valid object.
WARNING: [Vivado 12-584] No ports matched 'ddr3_addr[1]'. [/home/czaras/Projekty/studia/IUP/parity_generator/parity_generator.srcs/constrs_1/new/mimas.xdc:56]
CRITICAL WARNING: [Common 17-55] 'set_property' expects at least one object. [/home/czaras/Projekty/studia/IUP/parity_generator/parity_generator.srcs/constrs_1/new/mimas.xdc:56]
Resolution: If [get_<value>] was used to populate the object, check to make sure this command returns at least one valid object.
WARNING: [Vivado 12-584] No ports matched 'ddr3_addr[2]'. [/home/czaras/Projekty/studia/IUP/parity_generator/parity_generator.srcs/constrs_1/new/mimas.xdc:57]
CRITICAL WARNING: [Common 17-55] 'set_property' expects at least one object. [/home/czaras/Projekty/studia/IUP/parity_generator/parity_generator.srcs/constrs_1/new/mimas.xdc:57]
Resolution: If [get_<value>] was used to populate the object, check to make sure this command returns at least one valid object.
WARNING: [Vivado 12-584] No ports matched 'ddr3_addr[3]'. [/home/czaras/Projekty/studia/IUP/parity_generator/parity_generator.srcs/constrs_1/new/mimas.xdc:58]
CRITICAL WARNING: [Common 17-55] 'set_property' expects at least one object. [/home/czaras/Projekty/studia/IUP/parity_generator/parity_generator.srcs/constrs_1/new/mimas.xdc:58]
Resolution: If [get_<value>] was used to populate the object, check to make sure this command returns at least one valid object.
WARNING: [Vivado 12-584] No ports matched 'ddr3_addr[4]'. [/home/czaras/Projekty/studia/IUP/parity_generator/parity_generator.srcs/constrs_1/new/mimas.xdc:59]
CRITICAL WARNING: [Common 17-55] 'set_property' expects at least one object. [/home/czaras/Projekty/studia/IUP/parity_generator/parity_generator.srcs/constrs_1/new/mimas.xdc:59]
Resolution: If [get_<value>] was used to populate the object, check to make sure this command returns at least one valid object.
WARNING: [Vivado 12-584] No ports matched 'ddr3_addr[5]'. [/home/czaras/Projekty/studia/IUP/parity_generator/parity_generator.srcs/constrs_1/new/mimas.xdc:60]
CRITICAL WARNING: [Common 17-55] 'set_property' expects at least one object. [/home/czaras/Projekty/studia/IUP/parity_generator/parity_generator.srcs/constrs_1/new/mimas.xdc:60]
Resolution: If [get_<value>] was used to populate the object, check to make sure this command returns at least one valid object.
WARNING: [Vivado 12-584] No ports matched 'ddr3_addr[6]'. [/home/czaras/Projekty/studia/IUP/parity_generator/parity_generator.srcs/constrs_1/new/mimas.xdc:61]
CRITICAL WARNING: [Common 17-55] 'set_property' expects at least one object. [/home/czaras/Projekty/studia/IUP/parity_generator/parity_generator.srcs/constrs_1/new/mimas.xdc:61]
Resolution: If [get_<value>] was used to populate the object, check to make sure this command returns at least one valid object.
WARNING: [Vivado 12-584] No ports matched 'ddr3_addr[7]'. [/home/czaras/Projekty/studia/IUP/parity_generator/parity_generator.srcs/constrs_1/new/mimas.xdc:62]
CRITICAL WARNING: [Common 17-55] 'set_property' expects at least one object. [/home/czaras/Projekty/studia/IUP/parity_generator/parity_generator.srcs/constrs_1/new/mimas.xdc:62]
Resolution: If [get_<value>] was used to populate the object, check to make sure this command returns at least one valid object.
WARNING: [Vivado 12-584] No ports matched 'ddr3_addr[8]'. [/home/czaras/Projekty/studia/IUP/parity_generator/parity_generator.srcs/constrs_1/new/mimas.xdc:63]
CRITICAL WARNING: [Common 17-55] 'set_property' expects at least one object. [/home/czaras/Projekty/studia/IUP/parity_generator/parity_generator.srcs/constrs_1/new/mimas.xdc:63]
Resolution: If [get_<value>] was used to populate the object, check to make sure this command returns at least one valid object.
WARNING: [Vivado 12-584] No ports matched 'ddr3_addr[9]'. [/home/czaras/Projekty/studia/IUP/parity_generator/parity_generator.srcs/constrs_1/new/mimas.xdc:64]
CRITICAL WARNING: [Common 17-55] 'set_property' expects at least one object. [/home/czaras/Projekty/studia/IUP/parity_generator/parity_generator.srcs/constrs_1/new/mimas.xdc:64]
Resolution: If [get_<value>] was used to populate the object, check to make sure this command returns at least one valid object.
WARNING: [Vivado 12-584] No ports matched 'ddr3_addr[10]'. [/home/czaras/Projekty/studia/IUP/parity_generator/parity_generator.srcs/constrs_1/new/mimas.xdc:65]
CRITICAL WARNING: [Common 17-55] 'set_property' expects at least one object. [/home/czaras/Projekty/studia/IUP/parity_generator/parity_generator.srcs/constrs_1/new/mimas.xdc:65]
Resolution: If [get_<value>] was used to populate the object, check to make sure this command returns at least one valid object.
WARNING: [Vivado 12-584] No ports matched 'ddr3_addr[11]'. [/home/czaras/Projekty/studia/IUP/parity_generator/parity_generator.srcs/constrs_1/new/mimas.xdc:66]
CRITICAL WARNING: [Common 17-55] 'set_property' expects at least one object. [/home/czaras/Projekty/studia/IUP/parity_generator/parity_generator.srcs/constrs_1/new/mimas.xdc:66]
Resolution: If [get_<value>] was used to populate the object, check to make sure this command returns at least one valid object.
WARNING: [Vivado 12-584] No ports matched 'ddr3_addr[12]'. [/home/czaras/Projekty/studia/IUP/parity_generator/parity_generator.srcs/constrs_1/new/mimas.xdc:67]
CRITICAL WARNING: [Common 17-55] 'set_property' expects at least one object. [/home/czaras/Projekty/studia/IUP/parity_generator/parity_generator.srcs/constrs_1/new/mimas.xdc:67]
Resolution: If [get_<value>] was used to populate the object, check to make sure this command returns at least one valid object.
WARNING: [Vivado 12-584] No ports matched 'ddr3_addr[13]'. [/home/czaras/Projekty/studia/IUP/parity_generator/parity_generator.srcs/constrs_1/new/mimas.xdc:68]
CRITICAL WARNING: [Common 17-55] 'set_property' expects at least one object. [/home/czaras/Projekty/studia/IUP/parity_generator/parity_generator.srcs/constrs_1/new/mimas.xdc:68]
Resolution: If [get_<value>] was used to populate the object, check to make sure this command returns at least one valid object.
WARNING: [Vivado 12-584] No ports matched 'ddr3_ba[0]'. [/home/czaras/Projekty/studia/IUP/parity_generator/parity_generator.srcs/constrs_1/new/mimas.xdc:69]
CRITICAL WARNING: [Common 17-55] 'set_property' expects at least one object. [/home/czaras/Projekty/studia/IUP/parity_generator/parity_generator.srcs/constrs_1/new/mimas.xdc:69]
Resolution: If [get_<value>] was used to populate the object, check to make sure this command returns at least one valid object.
WARNING: [Vivado 12-584] No ports matched 'ddr3_ba[1]'. [/home/czaras/Projekty/studia/IUP/parity_generator/parity_generator.srcs/constrs_1/new/mimas.xdc:70]
CRITICAL WARNING: [Common 17-55] 'set_property' expects at least one object. [/home/czaras/Projekty/studia/IUP/parity_generator/parity_generator.srcs/constrs_1/new/mimas.xdc:70]
Resolution: If [get_<value>] was used to populate the object, check to make sure this command returns at least one valid object.
WARNING: [Vivado 12-584] No ports matched 'ddr3_ba[2]'. [/home/czaras/Projekty/studia/IUP/parity_generator/parity_generator.srcs/constrs_1/new/mimas.xdc:71]
CRITICAL WARNING: [Common 17-55] 'set_property' expects at least one object. [/home/czaras/Projekty/studia/IUP/parity_generator/parity_generator.srcs/constrs_1/new/mimas.xdc:71]
Resolution: If [get_<value>] was used to populate the object, check to make sure this command returns at least one valid object.
WARNING: [Vivado 12-584] No ports matched 'ddr3_ras_n'. [/home/czaras/Projekty/studia/IUP/parity_generator/parity_generator.srcs/constrs_1/new/mimas.xdc:72]
CRITICAL WARNING: [Common 17-55] 'set_property' expects at least one object. [/home/czaras/Projekty/studia/IUP/parity_generator/parity_generator.srcs/constrs_1/new/mimas.xdc:72]
Resolution: If [get_<value>] was used to populate the object, check to make sure this command returns at least one valid object.
WARNING: [Vivado 12-584] No ports matched 'ddr3_cas_n'. [/home/czaras/Projekty/studia/IUP/parity_generator/parity_generator.srcs/constrs_1/new/mimas.xdc:73]
CRITICAL WARNING: [Common 17-55] 'set_property' expects at least one object. [/home/czaras/Projekty/studia/IUP/parity_generator/parity_generator.srcs/constrs_1/new/mimas.xdc:73]
Resolution: If [get_<value>] was used to populate the object, check to make sure this command returns at least one valid object.
WARNING: [Vivado 12-584] No ports matched 'ddr3_we_n'. [/home/czaras/Projekty/studia/IUP/parity_generator/parity_generator.srcs/constrs_1/new/mimas.xdc:74]
CRITICAL WARNING: [Common 17-55] 'set_property' expects at least one object. [/home/czaras/Projekty/studia/IUP/parity_generator/parity_generator.srcs/constrs_1/new/mimas.xdc:74]
Resolution: If [get_<value>] was used to populate the object, check to make sure this command returns at least one valid object.
WARNING: [Vivado 12-584] No ports matched 'ddr3_reset_n'. [/home/czaras/Projekty/studia/IUP/parity_generator/parity_generator.srcs/constrs_1/new/mimas.xdc:75]
CRITICAL WARNING: [Common 17-55] 'set_property' expects at least one object. [/home/czaras/Projekty/studia/IUP/parity_generator/parity_generator.srcs/constrs_1/new/mimas.xdc:75]
Resolution: If [get_<value>] was used to populate the object, check to make sure this command returns at least one valid object.
WARNING: [Vivado 12-584] No ports matched 'ddr3_cke'. [/home/czaras/Projekty/studia/IUP/parity_generator/parity_generator.srcs/constrs_1/new/mimas.xdc:76]
CRITICAL WARNING: [Common 17-55] 'set_property' expects at least one object. [/home/czaras/Projekty/studia/IUP/parity_generator/parity_generator.srcs/constrs_1/new/mimas.xdc:76]
Resolution: If [get_<value>] was used to populate the object, check to make sure this command returns at least one valid object.
WARNING: [Vivado 12-584] No ports matched 'ddr3_odt'. [/home/czaras/Projekty/studia/IUP/parity_generator/parity_generator.srcs/constrs_1/new/mimas.xdc:77]
CRITICAL WARNING: [Common 17-55] 'set_property' expects at least one object. [/home/czaras/Projekty/studia/IUP/parity_generator/parity_generator.srcs/constrs_1/new/mimas.xdc:77]
Resolution: If [get_<value>] was used to populate the object, check to make sure this command returns at least one valid object.
WARNING: [Vivado 12-584] No ports matched 'ddr3_cs_n'. [/home/czaras/Projekty/studia/IUP/parity_generator/parity_generator.srcs/constrs_1/new/mimas.xdc:78]
CRITICAL WARNING: [Common 17-55] 'set_property' expects at least one object. [/home/czaras/Projekty/studia/IUP/parity_generator/parity_generator.srcs/constrs_1/new/mimas.xdc:78]
Resolution: If [get_<value>] was used to populate the object, check to make sure this command returns at least one valid object.
WARNING: [Vivado 12-584] No ports matched 'ddr3_dm[0]'. [/home/czaras/Projekty/studia/IUP/parity_generator/parity_generator.srcs/constrs_1/new/mimas.xdc:79]
CRITICAL WARNING: [Common 17-55] 'set_property' expects at least one object. [/home/czaras/Projekty/studia/IUP/parity_generator/parity_generator.srcs/constrs_1/new/mimas.xdc:79]
Resolution: If [get_<value>] was used to populate the object, check to make sure this command returns at least one valid object.
WARNING: [Vivado 12-584] No ports matched 'ddr3_dm[1]'. [/home/czaras/Projekty/studia/IUP/parity_generator/parity_generator.srcs/constrs_1/new/mimas.xdc:80]
CRITICAL WARNING: [Common 17-55] 'set_property' expects at least one object. [/home/czaras/Projekty/studia/IUP/parity_generator/parity_generator.srcs/constrs_1/new/mimas.xdc:80]
Resolution: If [get_<value>] was used to populate the object, check to make sure this command returns at least one valid object.
WARNING: [Vivado 12-584] No ports matched 'ddr3_dqs_p[0]'. [/home/czaras/Projekty/studia/IUP/parity_generator/parity_generator.srcs/constrs_1/new/mimas.xdc:81]
CRITICAL WARNING: [Common 17-55] 'set_property' expects at least one object. [/home/czaras/Projekty/studia/IUP/parity_generator/parity_generator.srcs/constrs_1/new/mimas.xdc:81]
Resolution: If [get_<value>] was used to populate the object, check to make sure this command returns at least one valid object.
WARNING: [Vivado 12-584] No ports matched 'ddr3_dqs_n[0]'. [/home/czaras/Projekty/studia/IUP/parity_generator/parity_generator.srcs/constrs_1/new/mimas.xdc:82]
CRITICAL WARNING: [Common 17-55] 'set_property' expects at least one object. [/home/czaras/Projekty/studia/IUP/parity_generator/parity_generator.srcs/constrs_1/new/mimas.xdc:82]
Resolution: If [get_<value>] was used to populate the object, check to make sure this command returns at least one valid object.
WARNING: [Vivado 12-584] No ports matched 'ddr3_dqs_p[1]'. [/home/czaras/Projekty/studia/IUP/parity_generator/parity_generator.srcs/constrs_1/new/mimas.xdc:83]
CRITICAL WARNING: [Common 17-55] 'set_property' expects at least one object. [/home/czaras/Projekty/studia/IUP/parity_generator/parity_generator.srcs/constrs_1/new/mimas.xdc:83]
Resolution: If [get_<value>] was used to populate the object, check to make sure this command returns at least one valid object.
WARNING: [Vivado 12-584] No ports matched 'ddr3_dqs_n[1]'. [/home/czaras/Projekty/studia/IUP/parity_generator/parity_generator.srcs/constrs_1/new/mimas.xdc:84]
CRITICAL WARNING: [Common 17-55] 'set_property' expects at least one object. [/home/czaras/Projekty/studia/IUP/parity_generator/parity_generator.srcs/constrs_1/new/mimas.xdc:84]
Resolution: If [get_<value>] was used to populate the object, check to make sure this command returns at least one valid object.
WARNING: [Vivado 12-584] No ports matched 'ddr3_ck_p[0]'. [/home/czaras/Projekty/studia/IUP/parity_generator/parity_generator.srcs/constrs_1/new/mimas.xdc:85]
CRITICAL WARNING: [Common 17-55] 'set_property' expects at least one object. [/home/czaras/Projekty/studia/IUP/parity_generator/parity_generator.srcs/constrs_1/new/mimas.xdc:85]
Resolution: If [get_<value>] was used to populate the object, check to make sure this command returns at least one valid object.
WARNING: [Vivado 12-584] No ports matched 'ddr3_ck_n[0]'. [/home/czaras/Projekty/studia/IUP/parity_generator/parity_generator.srcs/constrs_1/new/mimas.xdc:86]
CRITICAL WARNING: [Common 17-55] 'set_property' expects at least one object. [/home/czaras/Projekty/studia/IUP/parity_generator/parity_generator.srcs/constrs_1/new/mimas.xdc:86]
Resolution: If [get_<value>] was used to populate the object, check to make sure this command returns at least one valid object.
WARNING: [Vivado 12-584] No ports matched 'SPI_CS_N'. [/home/czaras/Projekty/studia/IUP/parity_generator/parity_generator.srcs/constrs_1/new/mimas.xdc:91]
CRITICAL WARNING: [Common 17-55] 'set_property' expects at least one object. [/home/czaras/Projekty/studia/IUP/parity_generator/parity_generator.srcs/constrs_1/new/mimas.xdc:91]
Resolution: If [get_<value>] was used to populate the object, check to make sure this command returns at least one valid object.
WARNING: [Vivado 12-584] No ports matched 'SPI_DQ[0]'. [/home/czaras/Projekty/studia/IUP/parity_generator/parity_generator.srcs/constrs_1/new/mimas.xdc:92]
CRITICAL WARNING: [Common 17-55] 'set_property' expects at least one object. [/home/czaras/Projekty/studia/IUP/parity_generator/parity_generator.srcs/constrs_1/new/mimas.xdc:92]
Resolution: If [get_<value>] was used to populate the object, check to make sure this command returns at least one valid object.
WARNING: [Vivado 12-584] No ports matched 'SPI_DQ[1]'. [/home/czaras/Projekty/studia/IUP/parity_generator/parity_generator.srcs/constrs_1/new/mimas.xdc:93]
CRITICAL WARNING: [Common 17-55] 'set_property' expects at least one object. [/home/czaras/Projekty/studia/IUP/parity_generator/parity_generator.srcs/constrs_1/new/mimas.xdc:93]
Resolution: If [get_<value>] was used to populate the object, check to make sure this command returns at least one valid object.
WARNING: [Vivado 12-584] No ports matched 'SPI_DQ[2]'. [/home/czaras/Projekty/studia/IUP/parity_generator/parity_generator.srcs/constrs_1/new/mimas.xdc:94]
CRITICAL WARNING: [Common 17-55] 'set_property' expects at least one object. [/home/czaras/Projekty/studia/IUP/parity_generator/parity_generator.srcs/constrs_1/new/mimas.xdc:94]
Resolution: If [get_<value>] was used to populate the object, check to make sure this command returns at least one valid object.
WARNING: [Vivado 12-584] No ports matched 'SPI_DQ[3]'. [/home/czaras/Projekty/studia/IUP/parity_generator/parity_generator.srcs/constrs_1/new/mimas.xdc:95]
CRITICAL WARNING: [Common 17-55] 'set_property' expects at least one object. [/home/czaras/Projekty/studia/IUP/parity_generator/parity_generator.srcs/constrs_1/new/mimas.xdc:95]
Resolution: If [get_<value>] was used to populate the object, check to make sure this command returns at least one valid object.
WARNING: [Vivado 12-584] No ports matched 'SPI_SCK'. [/home/czaras/Projekty/studia/IUP/parity_generator/parity_generator.srcs/constrs_1/new/mimas.xdc:96]
CRITICAL WARNING: [Common 17-55] 'set_property' expects at least one object. [/home/czaras/Projekty/studia/IUP/parity_generator/parity_generator.srcs/constrs_1/new/mimas.xdc:96]
Resolution: If [get_<value>] was used to populate the object, check to make sure this command returns at least one valid object.
WARNING: [Vivado 12-584] No ports matched 'sd_clk'. [/home/czaras/Projekty/studia/IUP/parity_generator/parity_generator.srcs/constrs_1/new/mimas.xdc:101]
CRITICAL WARNING: [Common 17-55] 'set_property' expects at least one object. [/home/czaras/Projekty/studia/IUP/parity_generator/parity_generator.srcs/constrs_1/new/mimas.xdc:101]
Resolution: If [get_<value>] was used to populate the object, check to make sure this command returns at least one valid object.
WARNING: [Vivado 12-584] No ports matched 'sd_cs'. [/home/czaras/Projekty/studia/IUP/parity_generator/parity_generator.srcs/constrs_1/new/mimas.xdc:102]
CRITICAL WARNING: [Common 17-55] 'set_property' expects at least one object. [/home/czaras/Projekty/studia/IUP/parity_generator/parity_generator.srcs/constrs_1/new/mimas.xdc:102]
Resolution: If [get_<value>] was used to populate the object, check to make sure this command returns at least one valid object.
WARNING: [Vivado 12-584] No ports matched 'sd_miso'. [/home/czaras/Projekty/studia/IUP/parity_generator/parity_generator.srcs/constrs_1/new/mimas.xdc:103]
CRITICAL WARNING: [Common 17-55] 'set_property' expects at least one object. [/home/czaras/Projekty/studia/IUP/parity_generator/parity_generator.srcs/constrs_1/new/mimas.xdc:103]
Resolution: If [get_<value>] was used to populate the object, check to make sure this command returns at least one valid object.
WARNING: [Vivado 12-584] No ports matched 'sd_mosi'. [/home/czaras/Projekty/studia/IUP/parity_generator/parity_generator.srcs/constrs_1/new/mimas.xdc:104]
CRITICAL WARNING: [Common 17-55] 'set_property' expects at least one object. [/home/czaras/Projekty/studia/IUP/parity_generator/parity_generator.srcs/constrs_1/new/mimas.xdc:104]
Resolution: If [get_<value>] was used to populate the object, check to make sure this command returns at least one valid object.
WARNING: [Vivado 12-584] No ports matched 'sd_rsv'. [/home/czaras/Projekty/studia/IUP/parity_generator/parity_generator.srcs/constrs_1/new/mimas.xdc:105]
CRITICAL WARNING: [Common 17-55] 'set_property' expects at least one object. [/home/czaras/Projekty/studia/IUP/parity_generator/parity_generator.srcs/constrs_1/new/mimas.xdc:105]
Resolution: If [get_<value>] was used to populate the object, check to make sure this command returns at least one valid object.
WARNING: [Vivado 12-584] No ports matched 'sw_in[0]'. [/home/czaras/Projekty/studia/IUP/parity_generator/parity_generator.srcs/constrs_1/new/mimas.xdc:110]
CRITICAL WARNING: [Common 17-55] 'set_property' expects at least one object. [/home/czaras/Projekty/studia/IUP/parity_generator/parity_generator.srcs/constrs_1/new/mimas.xdc:110]
Resolution: If [get_<value>] was used to populate the object, check to make sure this command returns at least one valid object.
WARNING: [Vivado 12-584] No ports matched 'sw_in[1]'. [/home/czaras/Projekty/studia/IUP/parity_generator/parity_generator.srcs/constrs_1/new/mimas.xdc:111]
CRITICAL WARNING: [Common 17-55] 'set_property' expects at least one object. [/home/czaras/Projekty/studia/IUP/parity_generator/parity_generator.srcs/constrs_1/new/mimas.xdc:111]
Resolution: If [get_<value>] was used to populate the object, check to make sure this command returns at least one valid object.
WARNING: [Vivado 12-584] No ports matched 'sw_in[2]'. [/home/czaras/Projekty/studia/IUP/parity_generator/parity_generator.srcs/constrs_1/new/mimas.xdc:112]
CRITICAL WARNING: [Common 17-55] 'set_property' expects at least one object. [/home/czaras/Projekty/studia/IUP/parity_generator/parity_generator.srcs/constrs_1/new/mimas.xdc:112]
Resolution: If [get_<value>] was used to populate the object, check to make sure this command returns at least one valid object.
WARNING: [Vivado 12-584] No ports matched 'sw_in[3]'. [/home/czaras/Projekty/studia/IUP/parity_generator/parity_generator.srcs/constrs_1/new/mimas.xdc:113]
CRITICAL WARNING: [Common 17-55] 'set_property' expects at least one object. [/home/czaras/Projekty/studia/IUP/parity_generator/parity_generator.srcs/constrs_1/new/mimas.xdc:113]
Resolution: If [get_<value>] was used to populate the object, check to make sure this command returns at least one valid object.
WARNING: [Vivado 12-584] No ports matched 'LED[0]'. [/home/czaras/Projekty/studia/IUP/parity_generator/parity_generator.srcs/constrs_1/new/mimas.xdc:118]
CRITICAL WARNING: [Common 17-55] 'set_property' expects at least one object. [/home/czaras/Projekty/studia/IUP/parity_generator/parity_generator.srcs/constrs_1/new/mimas.xdc:118]
Resolution: If [get_<value>] was used to populate the object, check to make sure this command returns at least one valid object.
WARNING: [Vivado 12-584] No ports matched 'LED[1]'. [/home/czaras/Projekty/studia/IUP/parity_generator/parity_generator.srcs/constrs_1/new/mimas.xdc:119]
CRITICAL WARNING: [Common 17-55] 'set_property' expects at least one object. [/home/czaras/Projekty/studia/IUP/parity_generator/parity_generator.srcs/constrs_1/new/mimas.xdc:119]
Resolution: If [get_<value>] was used to populate the object, check to make sure this command returns at least one valid object.
WARNING: [Vivado 12-584] No ports matched 'LED[2]'. [/home/czaras/Projekty/studia/IUP/parity_generator/parity_generator.srcs/constrs_1/new/mimas.xdc:120]
CRITICAL WARNING: [Common 17-55] 'set_property' expects at least one object. [/home/czaras/Projekty/studia/IUP/parity_generator/parity_generator.srcs/constrs_1/new/mimas.xdc:120]
Resolution: If [get_<value>] was used to populate the object, check to make sure this command returns at least one valid object.
WARNING: [Vivado 12-584] No ports matched 'LED[3]'. [/home/czaras/Projekty/studia/IUP/parity_generator/parity_generator.srcs/constrs_1/new/mimas.xdc:121]
CRITICAL WARNING: [Common 17-55] 'set_property' expects at least one object. [/home/czaras/Projekty/studia/IUP/parity_generator/parity_generator.srcs/constrs_1/new/mimas.xdc:121]
Resolution: If [get_<value>] was used to populate the object, check to make sure this command returns at least one valid object.
WARNING: [Vivado 12-584] No ports matched 'LED[4]'. [/home/czaras/Projekty/studia/IUP/parity_generator/parity_generator.srcs/constrs_1/new/mimas.xdc:122]
CRITICAL WARNING: [Common 17-55] 'set_property' expects at least one object. [/home/czaras/Projekty/studia/IUP/parity_generator/parity_generator.srcs/constrs_1/new/mimas.xdc:122]
Resolution: If [get_<value>] was used to populate the object, check to make sure this command returns at least one valid object.
WARNING: [Vivado 12-584] No ports matched 'LED[5]'. [/home/czaras/Projekty/studia/IUP/parity_generator/parity_generator.srcs/constrs_1/new/mimas.xdc:123]
CRITICAL WARNING: [Common 17-55] 'set_property' expects at least one object. [/home/czaras/Projekty/studia/IUP/parity_generator/parity_generator.srcs/constrs_1/new/mimas.xdc:123]
Resolution: If [get_<value>] was used to populate the object, check to make sure this command returns at least one valid object.
WARNING: [Vivado 12-584] No ports matched 'LED[6]'. [/home/czaras/Projekty/studia/IUP/parity_generator/parity_generator.srcs/constrs_1/new/mimas.xdc:124]
CRITICAL WARNING: [Common 17-55] 'set_property' expects at least one object. [/home/czaras/Projekty/studia/IUP/parity_generator/parity_generator.srcs/constrs_1/new/mimas.xdc:124]
Resolution: If [get_<value>] was used to populate the object, check to make sure this command returns at least one valid object.
WARNING: [Vivado 12-584] No ports matched 'LED[7]'. [/home/czaras/Projekty/studia/IUP/parity_generator/parity_generator.srcs/constrs_1/new/mimas.xdc:125]
CRITICAL WARNING: [Common 17-55] 'set_property' expects at least one object. [/home/czaras/Projekty/studia/IUP/parity_generator/parity_generator.srcs/constrs_1/new/mimas.xdc:125]
Resolution: If [get_<value>] was used to populate the object, check to make sure this command returns at least one valid object.
WARNING: [Vivado 12-584] No ports matched 'iic_rtl_scl_io'. [/home/czaras/Projekty/studia/IUP/parity_generator/parity_generator.srcs/constrs_1/new/mimas.xdc:158]
CRITICAL WARNING: [Common 17-55] 'set_property' expects at least one object. [/home/czaras/Projekty/studia/IUP/parity_generator/parity_generator.srcs/constrs_1/new/mimas.xdc:158]
Resolution: If [get_<value>] was used to populate the object, check to make sure this command returns at least one valid object.
WARNING: [Vivado 12-584] No ports matched 'iic_rtl_sda_io'. [/home/czaras/Projekty/studia/IUP/parity_generator/parity_generator.srcs/constrs_1/new/mimas.xdc:159]
CRITICAL WARNING: [Common 17-55] 'set_property' expects at least one object. [/home/czaras/Projekty/studia/IUP/parity_generator/parity_generator.srcs/constrs_1/new/mimas.xdc:159]
Resolution: If [get_<value>] was used to populate the object, check to make sure this command returns at least one valid object.
WARNING: [Vivado 12-584] No ports matched 'hdmi_rx_cec'. [/home/czaras/Projekty/studia/IUP/parity_generator/parity_generator.srcs/constrs_1/new/mimas.xdc:165]
CRITICAL WARNING: [Common 17-55] 'set_property' expects at least one object. [/home/czaras/Projekty/studia/IUP/parity_generator/parity_generator.srcs/constrs_1/new/mimas.xdc:165]
Resolution: If [get_<value>] was used to populate the object, check to make sure this command returns at least one valid object.
WARNING: [Vivado 12-584] No ports matched 'hdmi_rx_clk_n'. [/home/czaras/Projekty/studia/IUP/parity_generator/parity_generator.srcs/constrs_1/new/mimas.xdc:166]
CRITICAL WARNING: [Common 17-55] 'set_property' expects at least one object. [/home/czaras/Projekty/studia/IUP/parity_generator/parity_generator.srcs/constrs_1/new/mimas.xdc:166]
Resolution: If [get_<value>] was used to populate the object, check to make sure this command returns at least one valid object.
WARNING: [Vivado 12-584] No ports matched 'hdmi_rx_clk_p'. [/home/czaras/Projekty/studia/IUP/parity_generator/parity_generator.srcs/constrs_1/new/mimas.xdc:167]
CRITICAL WARNING: [Common 17-55] 'set_property' expects at least one object. [/home/czaras/Projekty/studia/IUP/parity_generator/parity_generator.srcs/constrs_1/new/mimas.xdc:167]
Resolution: If [get_<value>] was used to populate the object, check to make sure this command returns at least one valid object.
WARNING: [Vivado 12-584] No ports matched 'hdmi_rx_hpa'. [/home/czaras/Projekty/studia/IUP/parity_generator/parity_generator.srcs/constrs_1/new/mimas.xdc:168]
CRITICAL WARNING: [Common 17-55] 'set_property' expects at least one object. [/home/czaras/Projekty/studia/IUP/parity_generator/parity_generator.srcs/constrs_1/new/mimas.xdc:168]
Resolution: If [get_<value>] was used to populate the object, check to make sure this command returns at least one valid object.
WARNING: [Vivado 12-584] No ports matched 'hdmi_rx_scl'. [/home/czaras/Projekty/studia/IUP/parity_generator/parity_generator.srcs/constrs_1/new/mimas.xdc:169]
CRITICAL WARNING: [Common 17-55] 'set_property' expects at least one object. [/home/czaras/Projekty/studia/IUP/parity_generator/parity_generator.srcs/constrs_1/new/mimas.xdc:169]
Resolution: If [get_<value>] was used to populate the object, check to make sure this command returns at least one valid object.
WARNING: [Vivado 12-584] No ports matched 'hdmi_rx_sda'. [/home/czaras/Projekty/studia/IUP/parity_generator/parity_generator.srcs/constrs_1/new/mimas.xdc:170]
CRITICAL WARNING: [Common 17-55] 'set_property' expects at least one object. [/home/czaras/Projekty/studia/IUP/parity_generator/parity_generator.srcs/constrs_1/new/mimas.xdc:170]
Resolution: If [get_<value>] was used to populate the object, check to make sure this command returns at least one valid object.
WARNING: [Vivado 12-584] No ports matched 'hdmi_rx_n[0]'. [/home/czaras/Projekty/studia/IUP/parity_generator/parity_generator.srcs/constrs_1/new/mimas.xdc:171]
CRITICAL WARNING: [Common 17-55] 'set_property' expects at least one object. [/home/czaras/Projekty/studia/IUP/parity_generator/parity_generator.srcs/constrs_1/new/mimas.xdc:171]
Resolution: If [get_<value>] was used to populate the object, check to make sure this command returns at least one valid object.
WARNING: [Vivado 12-584] No ports matched 'hdmi_rx_p[0]'. [/home/czaras/Projekty/studia/IUP/parity_generator/parity_generator.srcs/constrs_1/new/mimas.xdc:172]
CRITICAL WARNING: [Common 17-55] 'set_property' expects at least one object. [/home/czaras/Projekty/studia/IUP/parity_generator/parity_generator.srcs/constrs_1/new/mimas.xdc:172]
Resolution: If [get_<value>] was used to populate the object, check to make sure this command returns at least one valid object.
WARNING: [Vivado 12-584] No ports matched 'hdmi_rx_n[1]'. [/home/czaras/Projekty/studia/IUP/parity_generator/parity_generator.srcs/constrs_1/new/mimas.xdc:173]
CRITICAL WARNING: [Common 17-55] 'set_property' expects at least one object. [/home/czaras/Projekty/studia/IUP/parity_generator/parity_generator.srcs/constrs_1/new/mimas.xdc:173]
Resolution: If [get_<value>] was used to populate the object, check to make sure this command returns at least one valid object.
WARNING: [Vivado 12-584] No ports matched 'hdmi_rx_p[1]'. [/home/czaras/Projekty/studia/IUP/parity_generator/parity_generator.srcs/constrs_1/new/mimas.xdc:174]
INFO: [Common 17-14] Message 'Vivado 12-584' appears 100 times and further instances of the messages will be disabled. Use the Tcl command set_msg_config to change the current settings. [/home/czaras/Projekty/studia/IUP/parity_generator/parity_generator.srcs/constrs_1/new/mimas.xdc:174]
CRITICAL WARNING: [Common 17-55] 'set_property' expects at least one object. [/home/czaras/Projekty/studia/IUP/parity_generator/parity_generator.srcs/constrs_1/new/mimas.xdc:174]
Resolution: If [get_<value>] was used to populate the object, check to make sure this command returns at least one valid object.
Finished Parsing XDC File [/home/czaras/Projekty/studia/IUP/parity_generator/parity_generator.srcs/constrs_1/new/mimas.xdc]
INFO: [Project 1-236] Implementation specific constraints were found while reading constraint file [/home/czaras/Projekty/studia/IUP/parity_generator/parity_generator.srcs/constrs_1/new/mimas.xdc]. These constraints will be ignored for synthesis but will be used in implementation. Impacted constraints are listed in the file [.Xil/top_propImpl.xdc].
Resolution: To avoid this warning, move constraints listed in [.Xil/top_propImpl.xdc] to another XDC file and exclude this new file from synthesis with the used_in_synthesis property (File Properties dialog in GUI) and re-run elaboration/synthesis.
Netlist sorting complete. Time (s): cpu = 00:00:00 ; elapsed = 00:00:00 . Memory (MB): peak = 1637.590 ; gain = 0.000 ; free physical = 113 ; free virtual = 6660
Completed Processing XDC Constraints

Netlist sorting complete. Time (s): cpu = 00:00:00 ; elapsed = 00:00:00 . Memory (MB): peak = 1637.590 ; gain = 0.000 ; free physical = 115 ; free virtual = 6661
INFO: [Project 1-111] Unisim Transformation Summary:
No Unisim elements were transformed.

Netlist sorting complete. Time (s): cpu = 00:00:00 ; elapsed = 00:00:00 . Memory (MB): peak = 1637.590 ; gain = 0.000 ; free physical = 115 ; free virtual = 6661
Constraint Validation Runtime : Time (s): cpu = 00:00:00 ; elapsed = 00:00:00 . Memory (MB): peak = 1637.590 ; gain = 0.000 ; free physical = 115 ; free virtual = 6661
---------------------------------------------------------------------------------
Finished Constraint Validation : Time (s): cpu = 00:00:06 ; elapsed = 00:00:08 . Memory (MB): peak = 1637.590 ; gain = 283.914 ; free physical = 183 ; free virtual = 6730
---------------------------------------------------------------------------------
---------------------------------------------------------------------------------
Start Loading Part and Timing Information
---------------------------------------------------------------------------------
Loading part: xc7a50tfgg484-1
---------------------------------------------------------------------------------
Finished Loading Part and Timing Information : Time (s): cpu = 00:00:06 ; elapsed = 00:00:08 . Memory (MB): peak = 1637.590 ; gain = 283.914 ; free physical = 183 ; free virtual = 6730
---------------------------------------------------------------------------------
---------------------------------------------------------------------------------
Start Applying 'set_property' XDC Constraints
---------------------------------------------------------------------------------
---------------------------------------------------------------------------------
Finished applying 'set_property' XDC Constraints : Time (s): cpu = 00:00:06 ; elapsed = 00:00:08 . Memory (MB): peak = 1637.590 ; gain = 283.914 ; free physical = 185 ; free virtual = 6732
---------------------------------------------------------------------------------
---------------------------------------------------------------------------------
Finished RTL Optimization Phase 2 : Time (s): cpu = 00:00:06 ; elapsed = 00:00:08 . Memory (MB): peak = 1637.590 ; gain = 283.914 ; free physical = 183 ; free virtual = 6730
---------------------------------------------------------------------------------

Report RTL Partitions: 
+-+--------------+------------+----------+
| |RTL Partition |Replication |Instances |
+-+--------------+------------+----------+
+-+--------------+------------+----------+
---------------------------------------------------------------------------------
Start RTL Component Statistics 
---------------------------------------------------------------------------------
Detailed RTL Component Info : 
+---XORs : 
	   8 Input      1 Bit         XORs := 1     
+---Muxes : 
	   2 Input      7 Bit        Muxes := 1     
---------------------------------------------------------------------------------
Finished RTL Component Statistics 
---------------------------------------------------------------------------------
---------------------------------------------------------------------------------
Start RTL Hierarchical Component Statistics 
---------------------------------------------------------------------------------
Hierarchical RTL Component report 
Module top 
Detailed RTL Component Info : 
+---XORs : 
	   8 Input      1 Bit         XORs := 1     
+---Muxes : 
	   2 Input      7 Bit        Muxes := 1     
---------------------------------------------------------------------------------
Finished RTL Hierarchical Component Statistics
---------------------------------------------------------------------------------
---------------------------------------------------------------------------------
Start Part Resource Summary
---------------------------------------------------------------------------------
Part Resources:
DSPs: 120 (col length:60)
BRAMs: 150 (col length: RAMB18 60 RAMB36 30)
---------------------------------------------------------------------------------
Finished Part Resource Summary
---------------------------------------------------------------------------------
---------------------------------------------------------------------------------
Start Cross Boundary and Area Optimization
---------------------------------------------------------------------------------
Warning: Parallel synthesis criteria is not met 
WARNING: [Synth 8-3917] design top has port led7_an_o[3] driven by constant 1
WARNING: [Synth 8-3917] design top has port led7_an_o[2] driven by constant 1
WARNING: [Synth 8-3917] design top has port led7_an_o[1] driven by constant 1
WARNING: [Synth 8-3917] design top has port led7_an_o[0] driven by constant 0
WARNING: [Synth 8-3917] design top has port led7_seg_o[7] driven by constant 0
WARNING: [Synth 8-3917] design top has port led7_seg_o[4] driven by constant 0
WARNING: [Synth 8-3917] design top has port led7_seg_o[3] driven by constant 0
WARNING: [Synth 8-3917] design top has port led7_seg_o[2] driven by constant 0
WARNING: [Synth 8-3917] design top has port led7_seg_o[0] driven by constant 1
---------------------------------------------------------------------------------
Finished Cross Boundary and Area Optimization : Time (s): cpu = 00:00:06 ; elapsed = 00:00:08 . Memory (MB): peak = 1637.590 ; gain = 283.914 ; free physical = 171 ; free virtual = 6720
---------------------------------------------------------------------------------

Report RTL Partitions: 
+-+--------------+------------+----------+
| |RTL Partition |Replication |Instances |
+-+--------------+------------+----------+
+-+--------------+------------+----------+
---------------------------------------------------------------------------------
Start Applying XDC Timing Constraints
---------------------------------------------------------------------------------
---------------------------------------------------------------------------------
Finished Applying XDC Timing Constraints : Time (s): cpu = 00:00:10 ; elapsed = 00:00:12 . Memory (MB): peak = 1640.574 ; gain = 286.898 ; free physical = 121 ; free virtual = 6605
---------------------------------------------------------------------------------
---------------------------------------------------------------------------------
Start Timing Optimization
---------------------------------------------------------------------------------
---------------------------------------------------------------------------------
Finished Timing Optimization : Time (s): cpu = 00:00:10 ; elapsed = 00:00:12 . Memory (MB): peak = 1640.574 ; gain = 286.898 ; free physical = 121 ; free virtual = 6605
---------------------------------------------------------------------------------

Report RTL Partitions: 
+-+--------------+------------+----------+
| |RTL Partition |Replication |Instances |
+-+--------------+------------+----------+
+-+--------------+------------+----------+
---------------------------------------------------------------------------------
Start Technology Mapping
---------------------------------------------------------------------------------
---------------------------------------------------------------------------------
Finished Technology Mapping : Time (s): cpu = 00:00:10 ; elapsed = 00:00:12 . Memory (MB): peak = 1650.590 ; gain = 296.914 ; free physical = 114 ; free virtual = 6599
---------------------------------------------------------------------------------

Report RTL Partitions: 
+-+--------------+------------+----------+
| |RTL Partition |Replication |Instances |
+-+--------------+------------+----------+
+-+--------------+------------+----------+
---------------------------------------------------------------------------------
Start IO Insertion
---------------------------------------------------------------------------------
---------------------------------------------------------------------------------
Start Flattening Before IO Insertion
---------------------------------------------------------------------------------
---------------------------------------------------------------------------------
Finished Flattening Before IO Insertion
---------------------------------------------------------------------------------
---------------------------------------------------------------------------------
Start Final Netlist Cleanup
---------------------------------------------------------------------------------
---------------------------------------------------------------------------------
Finished Final Netlist Cleanup
---------------------------------------------------------------------------------
---------------------------------------------------------------------------------
Finished IO Insertion : Time (s): cpu = 00:00:11 ; elapsed = 00:00:12 . Memory (MB): peak = 1650.590 ; gain = 296.914 ; free physical = 129 ; free virtual = 6606
---------------------------------------------------------------------------------

Report Check Netlist: 
+------+------------------+-------+---------+-------+------------------+
|      |Item              |Errors |Warnings |Status |Description       |
+------+------------------+-------+---------+-------+------------------+
|1     |multi_driven_nets |      0|        0|Passed |Multi driven nets |
+------+------------------+-------+---------+-------+------------------+
---------------------------------------------------------------------------------
Start Renaming Generated Instances
---------------------------------------------------------------------------------
---------------------------------------------------------------------------------
Finished Renaming Generated Instances : Time (s): cpu = 00:00:11 ; elapsed = 00:00:12 . Memory (MB): peak = 1650.590 ; gain = 296.914 ; free physical = 129 ; free virtual = 6606
---------------------------------------------------------------------------------

Report RTL Partitions: 
+-+--------------+------------+----------+
| |RTL Partition |Replication |Instances |
+-+--------------+------------+----------+
+-+--------------+------------+----------+
---------------------------------------------------------------------------------
Start Rebuilding User Hierarchy
---------------------------------------------------------------------------------
---------------------------------------------------------------------------------
Finished Rebuilding User Hierarchy : Time (s): cpu = 00:00:11 ; elapsed = 00:00:12 . Memory (MB): peak = 1650.590 ; gain = 296.914 ; free physical = 129 ; free virtual = 6606
---------------------------------------------------------------------------------
---------------------------------------------------------------------------------
Start Renaming Generated Ports
---------------------------------------------------------------------------------
---------------------------------------------------------------------------------
Finished Renaming Generated Ports : Time (s): cpu = 00:00:11 ; elapsed = 00:00:12 . Memory (MB): peak = 1650.590 ; gain = 296.914 ; free physical = 129 ; free virtual = 6606
---------------------------------------------------------------------------------
---------------------------------------------------------------------------------
Start Handling Custom Attributes
---------------------------------------------------------------------------------
---------------------------------------------------------------------------------
Finished Handling Custom Attributes : Time (s): cpu = 00:00:11 ; elapsed = 00:00:12 . Memory (MB): peak = 1650.590 ; gain = 296.914 ; free physical = 129 ; free virtual = 6606
---------------------------------------------------------------------------------
---------------------------------------------------------------------------------
Start Renaming Generated Nets
---------------------------------------------------------------------------------
---------------------------------------------------------------------------------
Finished Renaming Generated Nets : Time (s): cpu = 00:00:11 ; elapsed = 00:00:12 . Memory (MB): peak = 1650.590 ; gain = 296.914 ; free physical = 129 ; free virtual = 6606
---------------------------------------------------------------------------------
---------------------------------------------------------------------------------
Start Writing Synthesis Report
---------------------------------------------------------------------------------

Report BlackBoxes: 
+-+--------------+----------+
| |BlackBox name |Instances |
+-+--------------+----------+
+-+--------------+----------+

Report Cell Usage: 
+------+-----+------+
|      |Cell |Count |
+------+-----+------+
|1     |LUT4 |     1|
|2     |LUT5 |     2|
|3     |IBUF |     8|
|4     |OBUF |    12|
+------+-----+------+

Report Instance Areas: 
+------+---------+-------+------+
|      |Instance |Module |Cells |
+------+---------+-------+------+
|1     |top      |       |    23|
+------+---------+-------+------+
---------------------------------------------------------------------------------
Finished Writing Synthesis Report : Time (s): cpu = 00:00:11 ; elapsed = 00:00:12 . Memory (MB): peak = 1650.590 ; gain = 296.914 ; free physical = 129 ; free virtual = 6606
---------------------------------------------------------------------------------
Synthesis finished with 0 errors, 0 critical warnings and 9 warnings.
Synthesis Optimization Runtime : Time (s): cpu = 00:00:08 ; elapsed = 00:00:09 . Memory (MB): peak = 1650.590 ; gain = 13.000 ; free physical = 184 ; free virtual = 6662
Synthesis Optimization Complete : Time (s): cpu = 00:00:11 ; elapsed = 00:00:12 . Memory (MB): peak = 1650.598 ; gain = 296.914 ; free physical = 184 ; free virtual = 6662
INFO: [Project 1-571] Translating synthesized netlist
INFO: [Project 1-570] Preparing netlist for logic optimization
INFO: [Opt 31-138] Pushed 0 inverter(s) to 0 load pin(s).
Netlist sorting complete. Time (s): cpu = 00:00:00 ; elapsed = 00:00:00 . Memory (MB): peak = 1687.605 ; gain = 0.000 ; free physical = 129 ; free virtual = 6606
INFO: [Project 1-111] Unisim Transformation Summary:
No Unisim elements were transformed.

INFO: [Common 17-83] Releasing license: Synthesis
13 Infos, 114 Warnings, 100 Critical Warnings and 0 Errors encountered.
synth_design completed successfully
synth_design: Time (s): cpu = 00:00:12 ; elapsed = 00:00:13 . Memory (MB): peak = 1687.605 ; gain = 333.930 ; free physical = 142 ; free virtual = 6620
Netlist sorting complete. Time (s): cpu = 00:00:00 ; elapsed = 00:00:00 . Memory (MB): peak = 1687.605 ; gain = 0.000 ; free physical = 142 ; free virtual = 6620
WARNING: [Constraints 18-5210] No constraints selected for write.
Resolution: This message can indicate that there are no constraints for the design, or it can indicate that the used_in flags are set such that the constraints are ignored. This later case is used when running synth_design to not write synthesis constraints to the resulting checkpoint. Instead, project constraints are read when the synthesized design is opened.
INFO: [Common 17-1381] The checkpoint '/home/czaras/Projekty/studia/IUP/parity_generator/parity_generator.runs/synth_1/top.dcp' has been generated.
INFO: [runtcl-4] Executing : report_utilization -file top_utilization_synth.rpt -pb top_utilization_synth.pb
INFO: [Common 17-206] Exiting Vivado at Thu Mar  2 18:00:44 2023...
